{"/Users/bdjurkovic/dev/nodejs/lounge/dist/driver.js":{"path":"/Users/bdjurkovic/dev/nodejs/lounge/dist/driver.js","s":{"1":1,"2":1,"3":1,"4":2,"5":3,"6":3,"7":3,"8":3,"9":3,"10":3,"11":1,"12":1,"13":1,"14":1,"15":1,"16":1,"17":1,"18":153,"19":0,"20":1,"21":1,"22":1,"23":1,"24":1,"25":153,"26":153,"27":1,"28":402,"29":402,"30":402,"31":402,"32":0,"33":402,"34":6,"35":6,"36":396,"37":60,"38":60,"39":60,"40":60,"41":60,"42":60,"43":185,"44":185,"45":175,"46":10,"47":10,"48":0,"49":0,"50":60,"51":60,"52":60,"53":336,"54":336,"55":336,"56":48,"57":336,"58":173,"59":59,"60":59,"61":173,"62":0,"63":173,"64":0,"65":0,"66":173,"67":173,"68":173,"69":19,"70":173,"71":153,"72":153,"73":153,"74":153,"75":7038,"76":18,"77":153,"78":18,"79":334,"80":334,"81":153,"82":1,"83":1},"b":{"1":[3,3],"2":[3,0],"3":[1,0],"4":[1,0],"5":[0,153],"6":[402,0],"7":[0,402],"8":[6,396],"9":[402,402,66],"10":[60,336],"11":[185,0],"12":[185,185],"13":[175,10],"14":[10,0],"15":[10,10],"16":[0,0],"17":[60,0],"18":[48,288],"19":[336,48],"20":[59,114],"21":[0,173],"22":[0,173],"23":[19,154],"24":[173,19],"25":[18,7020],"26":[7038,4590,3060,3060]},"f":{"1":1,"2":2,"3":1,"4":153,"5":1,"6":153,"7":402,"8":6,"9":60,"10":185,"11":336,"12":173,"13":0,"14":173,"15":153,"16":18,"17":334},"fnMap":{"1":{"name":"(anonymous_1)","line":7,"loc":{"start":{"line":7,"column":19},"end":{"line":7,"column":31}}},"2":{"name":"defineProperties","line":7,"loc":{"start":{"line":7,"column":33},"end":{"line":7,"column":74}}},"3":{"name":"(anonymous_3)","line":7,"loc":{"start":{"line":7,"column":357},"end":{"line":7,"column":405}}},"4":{"name":"_classCallCheck","line":9,"loc":{"start":{"line":9,"column":0},"end":{"line":9,"column":48}}},"5":{"name":"(anonymous_5)","line":15,"loc":{"start":{"line":15,"column":13},"end":{"line":15,"column":25}}},"6":{"name":"Driver","line":24,"loc":{"start":{"line":24,"column":2},"end":{"line":24,"column":26}}},"7":{"name":"get","line":41,"loc":{"start":{"line":41,"column":11},"end":{"line":41,"column":43}}},"8":{"name":"(anonymous_8)","line":52,"loc":{"start":{"line":52,"column":32},"end":{"line":52,"column":44}}},"9":{"name":"(anonymous_9)","line":59,"loc":{"start":{"line":59,"column":35},"end":{"line":59,"column":58}}},"10":{"name":"(anonymous_10)","line":64,"loc":{"start":{"line":64,"column":23},"end":{"line":64,"column":36}}},"11":{"name":"(anonymous_11)","line":87,"loc":{"start":{"line":87,"column":39},"end":{"line":87,"column":62}}},"12":{"name":"remove","line":107,"loc":{"start":{"line":107,"column":11},"end":{"line":107,"column":45}}},"13":{"name":"(anonymous_13)","line":118,"loc":{"start":{"line":118,"column":32},"end":{"line":118,"column":44}}},"14":{"name":"(anonymous_14)","line":124,"loc":{"start":{"line":124,"column":39},"end":{"line":124,"column":60}}},"15":{"name":"wrap","line":141,"loc":{"start":{"line":141,"column":11},"end":{"line":141,"column":33}}},"16":{"name":"(anonymous_16)","line":152,"loc":{"start":{"line":152,"column":22},"end":{"line":152,"column":40}}},"17":{"name":"(anonymous_17)","line":153,"loc":{"start":{"line":153,"column":35},"end":{"line":153,"column":47}}}},"statementMap":{"1":{"start":{"line":3,"column":0},"end":{"line":5,"column":3}},"2":{"start":{"line":7,"column":0},"end":{"line":7,"column":564}},"3":{"start":{"line":7,"column":33},"end":{"line":7,"column":349}},"4":{"start":{"line":7,"column":76},"end":{"line":7,"column":347}},"5":{"start":{"line":7,"column":117},"end":{"line":7,"column":143}},"6":{"start":{"line":7,"column":144},"end":{"line":7,"column":199}},"7":{"start":{"line":7,"column":200},"end":{"line":7,"column":231}},"8":{"start":{"line":7,"column":232},"end":{"line":7,"column":286}},"9":{"start":{"line":7,"column":259},"end":{"line":7,"column":286}},"10":{"start":{"line":7,"column":287},"end":{"line":7,"column":345}},"11":{"start":{"line":7,"column":350},"end":{"line":7,"column":559}},"12":{"start":{"line":7,"column":407},"end":{"line":7,"column":475}},"13":{"start":{"line":7,"column":423},"end":{"line":7,"column":475}},"14":{"start":{"line":7,"column":476},"end":{"line":7,"column":536}},"15":{"start":{"line":7,"column":493},"end":{"line":7,"column":536}},"16":{"start":{"line":7,"column":537},"end":{"line":7,"column":556}},"17":{"start":{"line":9,"column":0},"end":{"line":9,"column":153}},"18":{"start":{"line":9,"column":50},"end":{"line":9,"column":151}},"19":{"start":{"line":9,"column":92},"end":{"line":9,"column":149}},"20":{"start":{"line":11,"column":0},"end":{"line":11,"column":26}},"21":{"start":{"line":12,"column":0},"end":{"line":12,"column":39}},"22":{"start":{"line":13,"column":0},"end":{"line":13,"column":31}},"23":{"start":{"line":15,"column":0},"end":{"line":165,"column":4}},"24":{"start":{"line":24,"column":2},"end":{"line":28,"column":3}},"25":{"start":{"line":25,"column":4},"end":{"line":25,"column":34}},"26":{"start":{"line":27,"column":4},"end":{"line":27,"column":25}},"27":{"start":{"line":39,"column":2},"end":{"line":162,"column":6}},"28":{"start":{"line":42,"column":6},"end":{"line":45,"column":7}},"29":{"start":{"line":43,"column":8},"end":{"line":43,"column":21}},"30":{"start":{"line":44,"column":8},"end":{"line":44,"column":21}},"31":{"start":{"line":47,"column":6},"end":{"line":49,"column":7}},"32":{"start":{"line":48,"column":8},"end":{"line":48,"column":20}},"33":{"start":{"line":51,"column":6},"end":{"line":55,"column":7}},"34":{"start":{"line":52,"column":8},"end":{"line":54,"column":11}},"35":{"start":{"line":53,"column":10},"end":{"line":53,"column":22}},"36":{"start":{"line":57,"column":6},"end":{"line":94,"column":7}},"37":{"start":{"line":58,"column":8},"end":{"line":58,"column":48}},"38":{"start":{"line":59,"column":8},"end":{"line":84,"column":11}},"39":{"start":{"line":60,"column":10},"end":{"line":60,"column":26}},"40":{"start":{"line":61,"column":10},"end":{"line":61,"column":27}},"41":{"start":{"line":62,"column":10},"end":{"line":62,"column":26}},"42":{"start":{"line":64,"column":10},"end":{"line":77,"column":13}},"43":{"start":{"line":65,"column":12},"end":{"line":76,"column":13}},"44":{"start":{"line":66,"column":14},"end":{"line":75,"column":15}},"45":{"start":{"line":67,"column":16},"end":{"line":70,"column":19}},"46":{"start":{"line":71,"column":21},"end":{"line":75,"column":15}},"47":{"start":{"line":72,"column":16},"end":{"line":72,"column":31}},"48":{"start":{"line":73,"column":21},"end":{"line":75,"column":15}},"49":{"start":{"line":74,"column":16},"end":{"line":74,"column":47}},"50":{"start":{"line":79,"column":10},"end":{"line":81,"column":11}},"51":{"start":{"line":80,"column":12},"end":{"line":80,"column":26}},"52":{"start":{"line":83,"column":10},"end":{"line":83,"column":45}},"53":{"start":{"line":86,"column":8},"end":{"line":86,"column":43}},"54":{"start":{"line":87,"column":8},"end":{"line":93,"column":11}},"55":{"start":{"line":88,"column":10},"end":{"line":90,"column":11}},"56":{"start":{"line":89,"column":12},"end":{"line":89,"column":23}},"57":{"start":{"line":92,"column":10},"end":{"line":92,"column":33}},"58":{"start":{"line":108,"column":6},"end":{"line":111,"column":7}},"59":{"start":{"line":109,"column":8},"end":{"line":109,"column":21}},"60":{"start":{"line":110,"column":8},"end":{"line":110,"column":21}},"61":{"start":{"line":113,"column":6},"end":{"line":115,"column":7}},"62":{"start":{"line":114,"column":8},"end":{"line":114,"column":20}},"63":{"start":{"line":117,"column":6},"end":{"line":121,"column":7}},"64":{"start":{"line":118,"column":8},"end":{"line":120,"column":11}},"65":{"start":{"line":119,"column":10},"end":{"line":119,"column":22}},"66":{"start":{"line":123,"column":6},"end":{"line":123,"column":42}},"67":{"start":{"line":124,"column":6},"end":{"line":130,"column":9}},"68":{"start":{"line":125,"column":8},"end":{"line":127,"column":9}},"69":{"start":{"line":126,"column":10},"end":{"line":126,"column":21}},"70":{"start":{"line":129,"column":8},"end":{"line":129,"column":29}},"71":{"start":{"line":142,"column":6},"end":{"line":142,"column":58}},"72":{"start":{"line":144,"column":6},"end":{"line":144,"column":23}},"73":{"start":{"line":145,"column":6},"end":{"line":145,"column":21}},"74":{"start":{"line":146,"column":6},"end":{"line":150,"column":7}},"75":{"start":{"line":147,"column":8},"end":{"line":149,"column":9}},"76":{"start":{"line":148,"column":10},"end":{"line":148,"column":26}},"77":{"start":{"line":152,"column":6},"end":{"line":158,"column":9}},"78":{"start":{"line":153,"column":8},"end":{"line":157,"column":10}},"79":{"start":{"line":154,"column":10},"end":{"line":154,"column":22}},"80":{"start":{"line":156,"column":10},"end":{"line":156,"column":68}},"81":{"start":{"line":160,"column":6},"end":{"line":160,"column":32}},"82":{"start":{"line":164,"column":2},"end":{"line":164,"column":16}},"83":{"start":{"line":167,"column":0},"end":{"line":167,"column":25}}},"branchMap":{"1":{"line":7,"type":"binary-expr","locations":[{"start":{"line":7,"column":168},"end":{"line":7,"column":189}},{"start":{"line":7,"column":193},"end":{"line":7,"column":198}}]},"2":{"line":7,"type":"if","locations":[{"start":{"line":7,"column":232},"end":{"line":7,"column":232}},{"start":{"line":7,"column":232},"end":{"line":7,"column":232}}]},"3":{"line":7,"type":"if","locations":[{"start":{"line":7,"column":407},"end":{"line":7,"column":407}},{"start":{"line":7,"column":407},"end":{"line":7,"column":407}}]},"4":{"line":7,"type":"if","locations":[{"start":{"line":7,"column":476},"end":{"line":7,"column":476}},{"start":{"line":7,"column":476},"end":{"line":7,"column":476}}]},"5":{"line":9,"type":"if","locations":[{"start":{"line":9,"column":50},"end":{"line":9,"column":50}},{"start":{"line":9,"column":50},"end":{"line":9,"column":50}}]},"6":{"line":42,"type":"if","locations":[{"start":{"line":42,"column":6},"end":{"line":42,"column":6}},{"start":{"line":42,"column":6},"end":{"line":42,"column":6}}]},"7":{"line":47,"type":"if","locations":[{"start":{"line":47,"column":6},"end":{"line":47,"column":6}},{"start":{"line":47,"column":6},"end":{"line":47,"column":6}}]},"8":{"line":51,"type":"if","locations":[{"start":{"line":51,"column":6},"end":{"line":51,"column":6}},{"start":{"line":51,"column":6},"end":{"line":51,"column":6}}]},"9":{"line":51,"type":"binary-expr","locations":[{"start":{"line":51,"column":10},"end":{"line":51,"column":15}},{"start":{"line":51,"column":19},"end":{"line":51,"column":38}},{"start":{"line":51,"column":42},"end":{"line":51,"column":54}}]},"10":{"line":57,"type":"if","locations":[{"start":{"line":57,"column":6},"end":{"line":57,"column":6}},{"start":{"line":57,"column":6},"end":{"line":57,"column":6}}]},"11":{"line":65,"type":"if","locations":[{"start":{"line":65,"column":12},"end":{"line":65,"column":12}},{"start":{"line":65,"column":12},"end":{"line":65,"column":12}}]},"12":{"line":65,"type":"binary-expr","locations":[{"start":{"line":65,"column":16},"end":{"line":65,"column":40}},{"start":{"line":65,"column":44},"end":{"line":65,"column":53}}]},"13":{"line":66,"type":"if","locations":[{"start":{"line":66,"column":14},"end":{"line":66,"column":14}},{"start":{"line":66,"column":14},"end":{"line":66,"column":14}}]},"14":{"line":71,"type":"if","locations":[{"start":{"line":71,"column":21},"end":{"line":71,"column":21}},{"start":{"line":71,"column":21},"end":{"line":71,"column":21}}]},"15":{"line":71,"type":"binary-expr","locations":[{"start":{"line":71,"column":25},"end":{"line":71,"column":40}},{"start":{"line":71,"column":44},"end":{"line":71,"column":80}}]},"16":{"line":73,"type":"if","locations":[{"start":{"line":73,"column":21},"end":{"line":73,"column":21}},{"start":{"line":73,"column":21},"end":{"line":73,"column":21}}]},"17":{"line":79,"type":"if","locations":[{"start":{"line":79,"column":10},"end":{"line":79,"column":10}},{"start":{"line":79,"column":10},"end":{"line":79,"column":10}}]},"18":{"line":88,"type":"if","locations":[{"start":{"line":88,"column":10},"end":{"line":88,"column":10}},{"start":{"line":88,"column":10},"end":{"line":88,"column":10}}]},"19":{"line":88,"type":"binary-expr","locations":[{"start":{"line":88,"column":14},"end":{"line":88,"column":17}},{"start":{"line":88,"column":21},"end":{"line":88,"column":45}}]},"20":{"line":108,"type":"if","locations":[{"start":{"line":108,"column":6},"end":{"line":108,"column":6}},{"start":{"line":108,"column":6},"end":{"line":108,"column":6}}]},"21":{"line":113,"type":"if","locations":[{"start":{"line":113,"column":6},"end":{"line":113,"column":6}},{"start":{"line":113,"column":6},"end":{"line":113,"column":6}}]},"22":{"line":117,"type":"if","locations":[{"start":{"line":117,"column":6},"end":{"line":117,"column":6}},{"start":{"line":117,"column":6},"end":{"line":117,"column":6}}]},"23":{"line":125,"type":"if","locations":[{"start":{"line":125,"column":8},"end":{"line":125,"column":8}},{"start":{"line":125,"column":8},"end":{"line":125,"column":8}}]},"24":{"line":125,"type":"binary-expr","locations":[{"start":{"line":125,"column":12},"end":{"line":125,"column":15}},{"start":{"line":125,"column":19},"end":{"line":125,"column":43}}]},"25":{"line":147,"type":"if","locations":[{"start":{"line":147,"column":8},"end":{"line":147,"column":8}},{"start":{"line":147,"column":8},"end":{"line":147,"column":8}}]},"26":{"line":147,"type":"binary-expr","locations":[{"start":{"line":147,"column":12},"end":{"line":147,"column":45}},{"start":{"line":147,"column":49},"end":{"line":147,"column":68}},{"start":{"line":147,"column":72},"end":{"line":147,"column":112}},{"start":{"line":147,"column":116},"end":{"line":147,"column":136}}]}}},"/Users/bdjurkovic/dev/nodejs/lounge/dist/utils.js":{"path":"/Users/bdjurkovic/dev/nodejs/lounge/dist/utils.js","s":{"1":1,"2":1,"3":1573,"4":0,"5":1,"6":1,"7":1,"8":1,"9":1,"10":1,"11":5,"12":0,"13":1,"14":1,"15":1,"16":5,"17":5,"18":5,"19":5,"20":5,"21":1,"22":4152,"23":0,"24":4152,"25":742,"26":742,"27":0,"28":3410,"29":2961,"30":5,"31":2956,"32":0,"33":2956,"34":2956,"35":0,"36":2956,"37":0,"38":2956,"39":0,"40":2956,"41":0,"42":2956,"43":0,"44":2956,"45":0,"46":2956,"47":26,"48":0,"49":26,"50":0,"51":26,"52":0,"53":26,"54":26,"55":0,"56":26,"57":0,"58":26,"59":0,"60":26,"61":11,"62":0,"63":11,"64":0,"65":0,"66":0,"67":0,"68":0,"69":11,"70":0,"71":11,"72":0,"73":11,"74":11,"75":0,"76":11,"77":138,"78":138,"79":138,"80":0,"81":138,"82":138,"83":0,"84":0,"85":0,"86":138,"87":28,"88":0,"89":28,"90":15,"91":15,"92":3,"93":3,"94":12,"95":15,"96":28,"97":14,"98":27,"99":243,"100":0,"101":243,"102":0,"103":243,"104":203,"105":243,"106":203,"107":243,"108":0,"109":243,"110":0,"111":243,"112":3,"113":1,"114":37,"115":1,"116":548,"117":548,"118":0,"119":1,"120":1573,"121":1,"122":77,"123":77,"124":77,"125":77,"126":0,"127":0,"128":0,"129":0,"130":0,"131":0,"132":0,"133":0,"134":77,"135":1,"136":1,"137":1},"b":{"1":[1,0],"2":[1,1],"3":[0,0],"4":[0,0,0],"5":[0,5],"6":[0,4152],"7":[742,3410],"8":[4152,742],"9":[742,0],"10":[742,258],"11":[2961,26,11,138,28,243,3],"12":[5,2956],"13":[2961,2956],"14":[0,2956],"15":[2956,2956],"16":[0,2956],"17":[0,2956],"18":[2956,0],"19":[0,2956],"20":[2956,0],"21":[0,2956],"22":[2956,0],"23":[0,2956],"24":[2956,0],"25":[0,2956],"26":[2956,0],"27":[0,26],"28":[26,26,26],"29":[0,26],"30":[0,26],"31":[26,26,26],"32":[0,26],"33":[0,26],"34":[26,0],"35":[0,26],"36":[26,0],"37":[0,11],"38":[11,11,11],"39":[0,11],"40":[0,0],"41":[0,0],"42":[0,11],"43":[11,11,11],"44":[0,11],"45":[9,2],"46":[0,11],"47":[138,0],"48":[0,138],"49":[138,0],"50":[0,28],"51":[15,13],"52":[3,12],"53":[0,243],"54":[243,243,243],"55":[0,243],"56":[243,203,0],"57":[203,40],"58":[203,40],"59":[203,0],"60":[0,243],"61":[243,243],"62":[0,243],"63":[37,26],"64":[548,0],"65":[0,0],"66":[1573,1573,1573],"67":[0,1573],"68":[77,0],"69":[77,0],"70":[77,77],"71":[0,0],"72":[0,0],"73":[0,0],"74":[0,0],"75":[0,0],"76":[0,0],"77":[0,0],"78":[0,0]},"f":{"1":1573,"2":0,"3":5,"4":5,"5":4152,"6":0,"7":37,"8":548,"9":1573,"10":77},"fnMap":{"1":{"name":"(anonymous_1)","line":7,"loc":{"start":{"line":7,"column":84},"end":{"line":7,"column":99}}},"2":{"name":"(anonymous_2)","line":7,"loc":{"start":{"line":7,"column":124},"end":{"line":7,"column":139}}},"3":{"name":"_classCallCheck","line":15,"loc":{"start":{"line":15,"column":0},"end":{"line":15,"column":48}}},"4":{"name":"SetterError","line":22,"loc":{"start":{"line":22,"column":40},"end":{"line":22,"column":113}}},"5":{"name":"typecast","line":34,"loc":{"start":{"line":34,"column":0},"end":{"line":34,"column":52}}},"6":{"name":"(anonymous_6)","line":190,"loc":{"start":{"line":190,"column":22},"end":{"line":190,"column":44}}},"7":{"name":"isNumeric","line":269,"loc":{"start":{"line":269,"column":0},"end":{"line":269,"column":22}}},"8":{"name":"getFunctionName","line":273,"loc":{"start":{"line":273,"column":0},"end":{"line":273,"column":29}}},"9":{"name":"isPlainObject","line":287,"loc":{"start":{"line":287,"column":0},"end":{"line":287,"column":30}}},"10":{"name":"isKeyNotFound","line":291,"loc":{"start":{"line":291,"column":0},"end":{"line":291,"column":28}}}},"statementMap":{"1":{"start":{"line":3,"column":0},"end":{"line":5,"column":3}},"2":{"start":{"line":7,"column":0},"end":{"line":7,"column":241}},"3":{"start":{"line":7,"column":101},"end":{"line":7,"column":119}},"4":{"start":{"line":7,"column":141},"end":{"line":7,"column":238}},"5":{"start":{"line":9,"column":0},"end":{"line":9,"column":28}},"6":{"start":{"line":10,"column":0},"end":{"line":10,"column":30}},"7":{"start":{"line":11,"column":0},"end":{"line":11,"column":42}},"8":{"start":{"line":12,"column":0},"end":{"line":12,"column":38}},"9":{"start":{"line":13,"column":0},"end":{"line":13,"column":38}},"10":{"start":{"line":15,"column":0},"end":{"line":15,"column":153}},"11":{"start":{"line":15,"column":50},"end":{"line":15,"column":151}},"12":{"start":{"line":15,"column":92},"end":{"line":15,"column":149}},"13":{"start":{"line":17,"column":0},"end":{"line":17,"column":26}},"14":{"start":{"line":18,"column":0},"end":{"line":18,"column":41}},"15":{"start":{"line":22,"column":0},"end":{"line":29,"column":2}},"16":{"start":{"line":23,"column":2},"end":{"line":23,"column":37}},"17":{"start":{"line":25,"column":2},"end":{"line":25,"column":35}},"18":{"start":{"line":26,"column":2},"end":{"line":26,"column":27}},"19":{"start":{"line":27,"column":2},"end":{"line":27,"column":37}},"20":{"start":{"line":28,"column":2},"end":{"line":28,"column":33}},"21":{"start":{"line":34,"column":0},"end":{"line":266,"column":1}},"22":{"start":{"line":36,"column":2},"end":{"line":38,"column":3}},"23":{"start":{"line":37,"column":4},"end":{"line":37,"column":78}},"24":{"start":{"line":41,"column":2},"end":{"line":47,"column":3}},"25":{"start":{"line":42,"column":4},"end":{"line":44,"column":5}},"26":{"start":{"line":43,"column":6},"end":{"line":43,"column":19}},"27":{"start":{"line":46,"column":4},"end":{"line":46,"column":130}},"28":{"start":{"line":50,"column":2},"end":{"line":265,"column":3}},"29":{"start":{"line":53,"column":6},"end":{"line":55,"column":7}},"30":{"start":{"line":54,"column":8},"end":{"line":54,"column":118}},"31":{"start":{"line":58,"column":6},"end":{"line":60,"column":7}},"32":{"start":{"line":59,"column":8},"end":{"line":59,"column":21}},"33":{"start":{"line":63,"column":6},"end":{"line":63,"column":28}},"34":{"start":{"line":67,"column":6},"end":{"line":69,"column":7}},"35":{"start":{"line":68,"column":8},"end":{"line":68,"column":88}},"36":{"start":{"line":73,"column":6},"end":{"line":75,"column":7}},"37":{"start":{"line":74,"column":8},"end":{"line":74,"column":54}},"38":{"start":{"line":78,"column":6},"end":{"line":80,"column":7}},"39":{"start":{"line":79,"column":8},"end":{"line":79,"column":103}},"40":{"start":{"line":83,"column":6},"end":{"line":85,"column":7}},"41":{"start":{"line":84,"column":8},"end":{"line":84,"column":122}},"42":{"start":{"line":88,"column":6},"end":{"line":90,"column":7}},"43":{"start":{"line":89,"column":8},"end":{"line":89,"column":121}},"44":{"start":{"line":93,"column":6},"end":{"line":95,"column":7}},"45":{"start":{"line":94,"column":8},"end":{"line":94,"column":117}},"46":{"start":{"line":97,"column":6},"end":{"line":97,"column":19}},"47":{"start":{"line":101,"column":6},"end":{"line":103,"column":7}},"48":{"start":{"line":102,"column":8},"end":{"line":102,"column":25}},"49":{"start":{"line":106,"column":6},"end":{"line":109,"column":7}},"50":{"start":{"line":108,"column":8},"end":{"line":108,"column":110}},"51":{"start":{"line":112,"column":6},"end":{"line":114,"column":7}},"52":{"start":{"line":113,"column":8},"end":{"line":113,"column":118}},"53":{"start":{"line":117,"column":6},"end":{"line":117,"column":28}},"54":{"start":{"line":120,"column":6},"end":{"line":122,"column":7}},"55":{"start":{"line":121,"column":8},"end":{"line":121,"column":88}},"56":{"start":{"line":124,"column":6},"end":{"line":126,"column":7}},"57":{"start":{"line":125,"column":8},"end":{"line":125,"column":112}},"58":{"start":{"line":128,"column":6},"end":{"line":130,"column":7}},"59":{"start":{"line":129,"column":8},"end":{"line":129,"column":110}},"60":{"start":{"line":132,"column":6},"end":{"line":132,"column":19}},"61":{"start":{"line":136,"column":6},"end":{"line":138,"column":7}},"62":{"start":{"line":137,"column":8},"end":{"line":137,"column":25}},"63":{"start":{"line":141,"column":6},"end":{"line":148,"column":7}},"64":{"start":{"line":142,"column":8},"end":{"line":146,"column":9}},"65":{"start":{"line":143,"column":10},"end":{"line":143,"column":23}},"66":{"start":{"line":144,"column":15},"end":{"line":146,"column":9}},"67":{"start":{"line":145,"column":10},"end":{"line":145,"column":22}},"68":{"start":{"line":147,"column":8},"end":{"line":147,"column":95}},"69":{"start":{"line":154,"column":6},"end":{"line":156,"column":7}},"70":{"start":{"line":155,"column":8},"end":{"line":155,"column":95}},"71":{"start":{"line":158,"column":6},"end":{"line":160,"column":7}},"72":{"start":{"line":159,"column":8},"end":{"line":159,"column":21}},"73":{"start":{"line":163,"column":6},"end":{"line":163,"column":35}},"74":{"start":{"line":166,"column":6},"end":{"line":168,"column":7}},"75":{"start":{"line":167,"column":8},"end":{"line":167,"column":89}},"76":{"start":{"line":170,"column":6},"end":{"line":170,"column":19}},"77":{"start":{"line":174,"column":6},"end":{"line":176,"column":7}},"78":{"start":{"line":175,"column":8},"end":{"line":175,"column":33}},"79":{"start":{"line":179,"column":6},"end":{"line":181,"column":7}},"80":{"start":{"line":180,"column":8},"end":{"line":180,"column":111}},"81":{"start":{"line":186,"column":6},"end":{"line":193,"column":7}},"82":{"start":{"line":187,"column":8},"end":{"line":187,"column":33}},"83":{"start":{"line":189,"column":8},"end":{"line":189,"column":33}},"84":{"start":{"line":190,"column":8},"end":{"line":192,"column":11}},"85":{"start":{"line":191,"column":10},"end":{"line":191,"column":41}},"86":{"start":{"line":195,"column":6},"end":{"line":195,"column":27}},"87":{"start":{"line":200,"column":6},"end":{"line":202,"column":7}},"88":{"start":{"line":201,"column":8},"end":{"line":201,"column":113}},"89":{"start":{"line":206,"column":6},"end":{"line":224,"column":7}},"90":{"start":{"line":209,"column":8},"end":{"line":209,"column":28}},"91":{"start":{"line":210,"column":8},"end":{"line":218,"column":9}},"92":{"start":{"line":212,"column":10},"end":{"line":212,"column":33}},"93":{"start":{"line":213,"column":10},"end":{"line":213,"column":25}},"94":{"start":{"line":217,"column":10},"end":{"line":217,"column":47}},"95":{"start":{"line":220,"column":8},"end":{"line":222,"column":9}},"96":{"start":{"line":221,"column":10},"end":{"line":221,"column":35}},"97":{"start":{"line":223,"column":8},"end":{"line":223,"column":23}},"98":{"start":{"line":227,"column":6},"end":{"line":227,"column":19}},"99":{"start":{"line":231,"column":6},"end":{"line":233,"column":7}},"100":{"start":{"line":232,"column":8},"end":{"line":232,"column":25}},"101":{"start":{"line":236,"column":6},"end":{"line":238,"column":7}},"102":{"start":{"line":237,"column":8},"end":{"line":237,"column":116}},"103":{"start":{"line":241,"column":6},"end":{"line":243,"column":7}},"104":{"start":{"line":242,"column":8},"end":{"line":242,"column":34}},"105":{"start":{"line":246,"column":6},"end":{"line":248,"column":7}},"106":{"start":{"line":247,"column":8},"end":{"line":247,"column":75}},"107":{"start":{"line":251,"column":6},"end":{"line":253,"column":7}},"108":{"start":{"line":252,"column":8},"end":{"line":252,"column":89}},"109":{"start":{"line":256,"column":6},"end":{"line":258,"column":7}},"110":{"start":{"line":257,"column":8},"end":{"line":257,"column":86}},"111":{"start":{"line":260,"column":6},"end":{"line":260,"column":19}},"112":{"start":{"line":264,"column":6},"end":{"line":264,"column":19}},"113":{"start":{"line":269,"column":0},"end":{"line":271,"column":1}},"114":{"start":{"line":270,"column":2},"end":{"line":270,"column":46}},"115":{"start":{"line":273,"column":0},"end":{"line":278,"column":1}},"116":{"start":{"line":274,"column":2},"end":{"line":276,"column":3}},"117":{"start":{"line":275,"column":4},"end":{"line":275,"column":19}},"118":{"start":{"line":277,"column":2},"end":{"line":277,"column":72}},"119":{"start":{"line":287,"column":0},"end":{"line":289,"column":1}},"120":{"start":{"line":288,"column":2},"end":{"line":288,"column":134}},"121":{"start":{"line":291,"column":0},"end":{"line":308,"column":1}},"122":{"start":{"line":292,"column":2},"end":{"line":292,"column":26}},"123":{"start":{"line":293,"column":2},"end":{"line":305,"column":3}},"124":{"start":{"line":294,"column":4},"end":{"line":304,"column":5}},"125":{"start":{"line":295,"column":6},"end":{"line":295,"column":25}},"126":{"start":{"line":296,"column":11},"end":{"line":304,"column":5}},"127":{"start":{"line":297,"column":6},"end":{"line":297,"column":25}},"128":{"start":{"line":298,"column":11},"end":{"line":304,"column":5}},"129":{"start":{"line":299,"column":6},"end":{"line":299,"column":25}},"130":{"start":{"line":300,"column":11},"end":{"line":304,"column":5}},"131":{"start":{"line":301,"column":6},"end":{"line":301,"column":25}},"132":{"start":{"line":302,"column":11},"end":{"line":304,"column":5}},"133":{"start":{"line":303,"column":6},"end":{"line":303,"column":25}},"134":{"start":{"line":307,"column":2},"end":{"line":307,"column":21}},"135":{"start":{"line":310,"column":0},"end":{"line":318,"column":2}},"136":{"start":{"line":320,"column":0},"end":{"line":320,"column":135}},"137":{"start":{"line":321,"column":0},"end":{"line":321,"column":138}}},"branchMap":{"1":{"line":7,"type":"cond-expr","locations":[{"start":{"line":7,"column":84},"end":{"line":7,"column":121}},{"start":{"line":7,"column":124},"end":{"line":7,"column":240}}]},"2":{"line":7,"type":"binary-expr","locations":[{"start":{"line":7,"column":14},"end":{"line":7,"column":42}},{"start":{"line":7,"column":46},"end":{"line":7,"column":81}}]},"3":{"line":7,"type":"cond-expr","locations":[{"start":{"line":7,"column":216},"end":{"line":7,"column":224}},{"start":{"line":7,"column":227},"end":{"line":7,"column":237}}]},"4":{"line":7,"type":"binary-expr","locations":[{"start":{"line":7,"column":148},"end":{"line":7,"column":151}},{"start":{"line":7,"column":155},"end":{"line":7,"column":183}},{"start":{"line":7,"column":187},"end":{"line":7,"column":213}}]},"5":{"line":15,"type":"if","locations":[{"start":{"line":15,"column":50},"end":{"line":15,"column":50}},{"start":{"line":15,"column":50},"end":{"line":15,"column":50}}]},"6":{"line":36,"type":"if","locations":[{"start":{"line":36,"column":2},"end":{"line":36,"column":2}},{"start":{"line":36,"column":2},"end":{"line":36,"column":2}}]},"7":{"line":41,"type":"if","locations":[{"start":{"line":41,"column":2},"end":{"line":41,"column":2}},{"start":{"line":41,"column":2},"end":{"line":41,"column":2}}]},"8":{"line":41,"type":"binary-expr","locations":[{"start":{"line":41,"column":6},"end":{"line":41,"column":29}},{"start":{"line":41,"column":33},"end":{"line":41,"column":54}}]},"9":{"line":42,"type":"if","locations":[{"start":{"line":42,"column":4},"end":{"line":42,"column":4}},{"start":{"line":42,"column":4},"end":{"line":42,"column":4}}]},"10":{"line":42,"type":"binary-expr","locations":[{"start":{"line":42,"column":8},"end":{"line":42,"column":25}},{"start":{"line":42,"column":29},"end":{"line":42,"column":46}}]},"11":{"line":50,"type":"switch","locations":[{"start":{"line":51,"column":4},"end":{"line":97,"column":19}},{"start":{"line":99,"column":4},"end":{"line":132,"column":19}},{"start":{"line":134,"column":4},"end":{"line":170,"column":19}},{"start":{"line":172,"column":4},"end":{"line":195,"column":27}},{"start":{"line":197,"column":4},"end":{"line":227,"column":19}},{"start":{"line":229,"column":4},"end":{"line":260,"column":19}},{"start":{"line":262,"column":4},"end":{"line":264,"column":19}}]},"12":{"line":53,"type":"if","locations":[{"start":{"line":53,"column":6},"end":{"line":53,"column":6}},{"start":{"line":53,"column":6},"end":{"line":53,"column":6}}]},"13":{"line":53,"type":"binary-expr","locations":[{"start":{"line":53,"column":10},"end":{"line":53,"column":27}},{"start":{"line":53,"column":31},"end":{"line":53,"column":47}}]},"14":{"line":58,"type":"if","locations":[{"start":{"line":58,"column":6},"end":{"line":58,"column":6}},{"start":{"line":58,"column":6},"end":{"line":58,"column":6}}]},"15":{"line":58,"type":"binary-expr","locations":[{"start":{"line":58,"column":10},"end":{"line":58,"column":29}},{"start":{"line":58,"column":33},"end":{"line":58,"column":47}}]},"16":{"line":67,"type":"if","locations":[{"start":{"line":67,"column":6},"end":{"line":67,"column":6}},{"start":{"line":67,"column":6},"end":{"line":67,"column":6}}]},"17":{"line":73,"type":"if","locations":[{"start":{"line":73,"column":6},"end":{"line":73,"column":6}},{"start":{"line":73,"column":6},"end":{"line":73,"column":6}}]},"18":{"line":73,"type":"binary-expr","locations":[{"start":{"line":73,"column":10},"end":{"line":73,"column":39}},{"start":{"line":73,"column":43},"end":{"line":73,"column":77}}]},"19":{"line":78,"type":"if","locations":[{"start":{"line":78,"column":6},"end":{"line":78,"column":6}},{"start":{"line":78,"column":6},"end":{"line":78,"column":6}}]},"20":{"line":78,"type":"binary-expr","locations":[{"start":{"line":78,"column":10},"end":{"line":78,"column":36}},{"start":{"line":78,"column":40},"end":{"line":78,"column":77}}]},"21":{"line":83,"type":"if","locations":[{"start":{"line":83,"column":6},"end":{"line":83,"column":6}},{"start":{"line":83,"column":6},"end":{"line":83,"column":6}}]},"22":{"line":83,"type":"binary-expr","locations":[{"start":{"line":83,"column":10},"end":{"line":83,"column":44}},{"start":{"line":83,"column":48},"end":{"line":83,"column":83}}]},"23":{"line":88,"type":"if","locations":[{"start":{"line":88,"column":6},"end":{"line":88,"column":6}},{"start":{"line":88,"column":6},"end":{"line":88,"column":6}}]},"24":{"line":88,"type":"binary-expr","locations":[{"start":{"line":88,"column":10},"end":{"line":88,"column":44}},{"start":{"line":88,"column":48},"end":{"line":88,"column":83}}]},"25":{"line":93,"type":"if","locations":[{"start":{"line":93,"column":6},"end":{"line":93,"column":6}},{"start":{"line":93,"column":6},"end":{"line":93,"column":6}}]},"26":{"line":93,"type":"binary-expr","locations":[{"start":{"line":93,"column":10},"end":{"line":93,"column":26}},{"start":{"line":93,"column":30},"end":{"line":93,"column":59}}]},"27":{"line":101,"type":"if","locations":[{"start":{"line":101,"column":6},"end":{"line":101,"column":6}},{"start":{"line":101,"column":6},"end":{"line":101,"column":6}}]},"28":{"line":101,"type":"binary-expr","locations":[{"start":{"line":101,"column":10},"end":{"line":101,"column":29}},{"start":{"line":101,"column":33},"end":{"line":101,"column":47}},{"start":{"line":101,"column":51},"end":{"line":101,"column":63}}]},"29":{"line":106,"type":"if","locations":[{"start":{"line":106,"column":6},"end":{"line":106,"column":6}},{"start":{"line":106,"column":6},"end":{"line":106,"column":6}}]},"30":{"line":112,"type":"if","locations":[{"start":{"line":112,"column":6},"end":{"line":112,"column":6}},{"start":{"line":112,"column":6},"end":{"line":112,"column":6}}]},"31":{"line":112,"type":"binary-expr","locations":[{"start":{"line":112,"column":10},"end":{"line":112,"column":26}},{"start":{"line":112,"column":30},"end":{"line":112,"column":47}},{"start":{"line":112,"column":51},"end":{"line":112,"column":68}}]},"32":{"line":120,"type":"if","locations":[{"start":{"line":120,"column":6},"end":{"line":120,"column":6}},{"start":{"line":120,"column":6},"end":{"line":120,"column":6}}]},"33":{"line":124,"type":"if","locations":[{"start":{"line":124,"column":6},"end":{"line":124,"column":6}},{"start":{"line":124,"column":6},"end":{"line":124,"column":6}}]},"34":{"line":124,"type":"binary-expr","locations":[{"start":{"line":124,"column":10},"end":{"line":124,"column":38}},{"start":{"line":124,"column":42},"end":{"line":124,"column":64}}]},"35":{"line":128,"type":"if","locations":[{"start":{"line":128,"column":6},"end":{"line":128,"column":6}},{"start":{"line":128,"column":6},"end":{"line":128,"column":6}}]},"36":{"line":128,"type":"binary-expr","locations":[{"start":{"line":128,"column":10},"end":{"line":128,"column":38}},{"start":{"line":128,"column":42},"end":{"line":128,"column":64}}]},"37":{"line":136,"type":"if","locations":[{"start":{"line":136,"column":6},"end":{"line":136,"column":6}},{"start":{"line":136,"column":6},"end":{"line":136,"column":6}}]},"38":{"line":136,"type":"binary-expr","locations":[{"start":{"line":136,"column":10},"end":{"line":136,"column":29}},{"start":{"line":136,"column":33},"end":{"line":136,"column":47}},{"start":{"line":136,"column":51},"end":{"line":136,"column":63}}]},"39":{"line":141,"type":"if","locations":[{"start":{"line":141,"column":6},"end":{"line":141,"column":6}},{"start":{"line":141,"column":6},"end":{"line":141,"column":6}}]},"40":{"line":142,"type":"if","locations":[{"start":{"line":142,"column":8},"end":{"line":142,"column":8}},{"start":{"line":142,"column":8},"end":{"line":142,"column":8}}]},"41":{"line":144,"type":"if","locations":[{"start":{"line":144,"column":15},"end":{"line":144,"column":15}},{"start":{"line":144,"column":15},"end":{"line":144,"column":15}}]},"42":{"line":154,"type":"if","locations":[{"start":{"line":154,"column":6},"end":{"line":154,"column":6}},{"start":{"line":154,"column":6},"end":{"line":154,"column":6}}]},"43":{"line":154,"type":"binary-expr","locations":[{"start":{"line":154,"column":10},"end":{"line":154,"column":26}},{"start":{"line":154,"column":30},"end":{"line":154,"column":47}},{"start":{"line":154,"column":51},"end":{"line":154,"column":67}}]},"44":{"line":158,"type":"if","locations":[{"start":{"line":158,"column":6},"end":{"line":158,"column":6}},{"start":{"line":158,"column":6},"end":{"line":158,"column":6}}]},"45":{"line":163,"type":"cond-expr","locations":[{"start":{"line":163,"column":22},"end":{"line":163,"column":26}},{"start":{"line":163,"column":29},"end":{"line":163,"column":34}}]},"46":{"line":166,"type":"if","locations":[{"start":{"line":166,"column":6},"end":{"line":166,"column":6}},{"start":{"line":166,"column":6},"end":{"line":166,"column":6}}]},"47":{"line":174,"type":"if","locations":[{"start":{"line":174,"column":6},"end":{"line":174,"column":6}},{"start":{"line":174,"column":6},"end":{"line":174,"column":6}}]},"48":{"line":179,"type":"if","locations":[{"start":{"line":179,"column":6},"end":{"line":179,"column":6}},{"start":{"line":179,"column":6},"end":{"line":179,"column":6}}]},"49":{"line":186,"type":"if","locations":[{"start":{"line":186,"column":6},"end":{"line":186,"column":6}},{"start":{"line":186,"column":6},"end":{"line":186,"column":6}}]},"50":{"line":200,"type":"if","locations":[{"start":{"line":200,"column":6},"end":{"line":200,"column":6}},{"start":{"line":200,"column":6},"end":{"line":200,"column":6}}]},"51":{"line":206,"type":"if","locations":[{"start":{"line":206,"column":6},"end":{"line":206,"column":6}},{"start":{"line":206,"column":6},"end":{"line":206,"column":6}}]},"52":{"line":210,"type":"if","locations":[{"start":{"line":210,"column":8},"end":{"line":210,"column":8}},{"start":{"line":210,"column":8},"end":{"line":210,"column":8}}]},"53":{"line":231,"type":"if","locations":[{"start":{"line":231,"column":6},"end":{"line":231,"column":6}},{"start":{"line":231,"column":6},"end":{"line":231,"column":6}}]},"54":{"line":231,"type":"binary-expr","locations":[{"start":{"line":231,"column":10},"end":{"line":231,"column":29}},{"start":{"line":231,"column":33},"end":{"line":231,"column":47}},{"start":{"line":231,"column":51},"end":{"line":231,"column":63}}]},"55":{"line":236,"type":"if","locations":[{"start":{"line":236,"column":6},"end":{"line":236,"column":6}},{"start":{"line":236,"column":6},"end":{"line":236,"column":6}}]},"56":{"line":236,"type":"binary-expr","locations":[{"start":{"line":236,"column":10},"end":{"line":236,"column":26}},{"start":{"line":236,"column":30},"end":{"line":236,"column":48}},{"start":{"line":236,"column":52},"end":{"line":236,"column":70}}]},"57":{"line":241,"type":"if","locations":[{"start":{"line":241,"column":6},"end":{"line":241,"column":6}},{"start":{"line":241,"column":6},"end":{"line":241,"column":6}}]},"58":{"line":246,"type":"if","locations":[{"start":{"line":246,"column":6},"end":{"line":246,"column":6}},{"start":{"line":246,"column":6},"end":{"line":246,"column":6}}]},"59":{"line":247,"type":"cond-expr","locations":[{"start":{"line":247,"column":53},"end":{"line":247,"column":58}},{"start":{"line":247,"column":61},"end":{"line":247,"column":73}}]},"60":{"line":251,"type":"if","locations":[{"start":{"line":251,"column":6},"end":{"line":251,"column":6}},{"start":{"line":251,"column":6},"end":{"line":251,"column":6}}]},"61":{"line":251,"type":"binary-expr","locations":[{"start":{"line":251,"column":10},"end":{"line":251,"column":34}},{"start":{"line":251,"column":38},"end":{"line":251,"column":54}}]},"62":{"line":256,"type":"if","locations":[{"start":{"line":256,"column":6},"end":{"line":256,"column":6}},{"start":{"line":256,"column":6},"end":{"line":256,"column":6}}]},"63":{"line":270,"type":"binary-expr","locations":[{"start":{"line":270,"column":9},"end":{"line":270,"column":30}},{"start":{"line":270,"column":34},"end":{"line":270,"column":45}}]},"64":{"line":274,"type":"if","locations":[{"start":{"line":274,"column":2},"end":{"line":274,"column":2}},{"start":{"line":274,"column":2},"end":{"line":274,"column":2}}]},"65":{"line":277,"type":"binary-expr","locations":[{"start":{"line":277,"column":10},"end":{"line":277,"column":61}},{"start":{"line":277,"column":65},"end":{"line":277,"column":67}}]},"66":{"line":288,"type":"binary-expr","locations":[{"start":{"line":288,"column":9},"end":{"line":288,"column":23}},{"start":{"line":288,"column":27},"end":{"line":288,"column":101}},{"start":{"line":288,"column":105},"end":{"line":288,"column":133}}]},"67":{"line":288,"type":"cond-expr","locations":[{"start":{"line":288,"column":59},"end":{"line":288,"column":70}},{"start":{"line":288,"column":73},"end":{"line":288,"column":87}}]},"68":{"line":293,"type":"if","locations":[{"start":{"line":293,"column":2},"end":{"line":293,"column":2}},{"start":{"line":293,"column":2},"end":{"line":293,"column":2}}]},"69":{"line":294,"type":"if","locations":[{"start":{"line":294,"column":4},"end":{"line":294,"column":4}},{"start":{"line":294,"column":4},"end":{"line":294,"column":4}}]},"70":{"line":294,"type":"binary-expr","locations":[{"start":{"line":294,"column":8},"end":{"line":294,"column":16}},{"start":{"line":294,"column":20},"end":{"line":294,"column":51}}]},"71":{"line":296,"type":"if","locations":[{"start":{"line":296,"column":11},"end":{"line":296,"column":11}},{"start":{"line":296,"column":11},"end":{"line":296,"column":11}}]},"72":{"line":296,"type":"binary-expr","locations":[{"start":{"line":296,"column":15},"end":{"line":296,"column":26}},{"start":{"line":296,"column":30},"end":{"line":296,"column":61}}]},"73":{"line":298,"type":"if","locations":[{"start":{"line":298,"column":11},"end":{"line":298,"column":11}},{"start":{"line":298,"column":11},"end":{"line":298,"column":11}}]},"74":{"line":298,"type":"binary-expr","locations":[{"start":{"line":298,"column":15},"end":{"line":298,"column":26}},{"start":{"line":298,"column":30},"end":{"line":298,"column":76}}]},"75":{"line":300,"type":"if","locations":[{"start":{"line":300,"column":11},"end":{"line":300,"column":11}},{"start":{"line":300,"column":11},"end":{"line":300,"column":11}}]},"76":{"line":300,"type":"binary-expr","locations":[{"start":{"line":300,"column":15},"end":{"line":300,"column":26}},{"start":{"line":300,"column":30},"end":{"line":300,"column":71}}]},"77":{"line":302,"type":"if","locations":[{"start":{"line":302,"column":11},"end":{"line":302,"column":11}},{"start":{"line":302,"column":11},"end":{"line":302,"column":11}}]},"78":{"line":302,"type":"binary-expr","locations":[{"start":{"line":302,"column":15},"end":{"line":302,"column":23}},{"start":{"line":302,"column":27},"end":{"line":302,"column":55}}]}}},"/Users/bdjurkovic/dev/nodejs/lounge/index.js":{"path":"/Users/bdjurkovic/dev/nodejs/lounge/index.js","s":{"1":1},"b":{},"f":{},"fnMap":{},"statementMap":{"1":{"start":{"line":1,"column":0},"end":{"line":1,"column":42}}},"branchMap":{}},"/Users/bdjurkovic/dev/nodejs/lounge/dist/index.js":{"path":"/Users/bdjurkovic/dev/nodejs/lounge/dist/index.js","s":{"1":1,"2":1,"3":1,"4":1,"5":1,"6":1,"7":1,"8":1,"9":1},"b":{"1":[1,0],"2":[1,1],"3":[1,0],"4":[1,0]},"f":{"1":1},"fnMap":{"1":{"name":"_interopRequireDefault","line":7,"loc":{"start":{"line":7,"column":0},"end":{"line":7,"column":37}}}},"statementMap":{"1":{"start":{"line":3,"column":0},"end":{"line":3,"column":34}},"2":{"start":{"line":5,"column":0},"end":{"line":5,"column":47}},"3":{"start":{"line":7,"column":0},"end":{"line":7,"column":95}},"4":{"start":{"line":7,"column":39},"end":{"line":7,"column":93}},"5":{"start":{"line":9,"column":0},"end":{"line":13,"column":1}},"6":{"start":{"line":12,"column":2},"end":{"line":12,"column":28}},"7":{"start":{"line":16,"column":0},"end":{"line":18,"column":1}},"8":{"start":{"line":17,"column":2},"end":{"line":17,"column":29}},"9":{"start":{"line":20,"column":0},"end":{"line":20,"column":40}}},"branchMap":{"1":{"line":7,"type":"cond-expr","locations":[{"start":{"line":7,"column":70},"end":{"line":7,"column":73}},{"start":{"line":7,"column":76},"end":{"line":7,"column":92}}]},"2":{"line":7,"type":"binary-expr","locations":[{"start":{"line":7,"column":46},"end":{"line":7,"column":49}},{"start":{"line":7,"column":53},"end":{"line":7,"column":67}}]},"3":{"line":9,"type":"if","locations":[{"start":{"line":9,"column":0},"end":{"line":9,"column":0}},{"start":{"line":9,"column":0},"end":{"line":9,"column":0}}]},"4":{"line":16,"type":"if","locations":[{"start":{"line":16,"column":0},"end":{"line":16,"column":0}},{"start":{"line":16,"column":0},"end":{"line":16,"column":0}}]}}},"/Users/bdjurkovic/dev/nodejs/lounge/dist/lounge.js":{"path":"/Users/bdjurkovic/dev/nodejs/lounge/dist/lounge.js","s":{"1":1,"2":1,"3":152,"4":0,"5":1,"6":1,"7":1,"8":13,"9":13,"10":13,"11":13,"12":8,"13":13,"14":1,"15":1,"16":1,"17":1,"18":0,"19":1,"20":1,"21":1,"22":1,"23":1,"24":1,"25":1,"26":1,"27":1,"28":1,"29":1,"30":4,"31":1,"32":261,"33":0,"34":1,"35":261,"36":0,"37":261,"38":1,"39":1,"40":0,"41":1,"42":1,"43":1,"44":1,"45":1,"46":1,"47":1,"48":1,"49":1,"50":1,"51":1,"52":1,"53":261,"54":261,"55":261,"56":261,"57":261,"58":261,"59":261,"60":261,"61":1,"62":152,"63":0,"64":0,"65":152,"66":0,"67":152,"68":1,"69":152,"70":152,"71":124,"72":124,"73":124,"74":124,"75":124,"76":28,"77":28,"78":28,"79":28,"80":28,"81":28,"82":28,"83":28,"84":28,"85":28,"86":152,"87":124,"88":124,"89":121,"90":124,"91":124,"92":124,"93":124,"94":343,"95":343,"96":387,"97":14,"98":14,"99":387,"100":2,"101":385,"102":385,"103":385,"104":0,"105":9,"106":0,"107":9,"108":9,"109":0,"110":0,"111":61,"112":16,"113":0,"114":8,"115":260,"116":1,"117":1,"118":1,"119":18,"120":0,"121":0,"122":0,"123":1,"124":8,"125":1,"126":8,"127":8,"128":8,"129":1,"130":8,"131":8,"132":8},"b":{"1":[1,0],"2":[1,1],"3":[0,0],"4":[0,0,0],"5":[13,13],"6":[8,5],"7":[1,0],"8":[0,1],"9":[4,0],"10":[4,4],"11":[0,261],"12":[0,261],"13":[0,261],"14":[261,0,0],"15":[0,1],"16":[1,0],"17":[1,1],"18":[1,0],"19":[1,0],"20":[261,0],"21":[261,0],"22":[261,0],"23":[0,152],"24":[0,152],"25":[152,28],"26":[124,28],"27":[152,152],"28":[124,0],"29":[28,0],"30":[28,28,28,28],"31":[0,28],"32":[28,0],"33":[28,28],"34":[0,28],"35":[28,0],"36":[121,3],"37":[343,336],"38":[14,373],"39":[14,14],"40":[2,385],"41":[0,9],"42":[0,0],"43":[8,0],"44":[8,0]},"f":{"1":152,"2":0,"3":1,"4":1,"5":1,"6":4,"7":261,"8":261,"9":1,"10":1,"11":261,"12":152,"13":152,"14":124,"15":343,"16":387,"17":0,"18":9,"19":0,"20":0,"21":61,"22":16,"23":0,"24":8,"25":260,"26":18,"27":0,"28":8,"29":8,"30":8,"31":8,"32":8},"fnMap":{"1":{"name":"(anonymous_1)","line":7,"loc":{"start":{"line":7,"column":84},"end":{"line":7,"column":99}}},"2":{"name":"(anonymous_2)","line":7,"loc":{"start":{"line":7,"column":124},"end":{"line":7,"column":139}}},"3":{"name":"(anonymous_3)","line":9,"loc":{"start":{"line":9,"column":19},"end":{"line":9,"column":31}}},"4":{"name":"defineProperties","line":9,"loc":{"start":{"line":9,"column":33},"end":{"line":9,"column":74}}},"5":{"name":"(anonymous_5)","line":9,"loc":{"start":{"line":9,"column":357},"end":{"line":9,"column":405}}},"6":{"name":"_interopRequireDefault","line":29,"loc":{"start":{"line":29,"column":0},"end":{"line":29,"column":37}}},"7":{"name":"_classCallCheck","line":31,"loc":{"start":{"line":31,"column":0},"end":{"line":31,"column":48}}},"8":{"name":"_possibleConstructorReturn","line":33,"loc":{"start":{"line":33,"column":0},"end":{"line":33,"column":48}}},"9":{"name":"_inherits","line":35,"loc":{"start":{"line":35,"column":0},"end":{"line":35,"column":41}}},"10":{"name":"(anonymous_10)","line":46,"loc":{"start":{"line":46,"column":13},"end":{"line":46,"column":38}}},"11":{"name":"Lounge","line":76,"loc":{"start":{"line":76,"column":2},"end":{"line":76,"column":20}}},"12":{"name":"connect","line":111,"loc":{"start":{"line":111,"column":11},"end":{"line":111,"column":47}}},"13":{"name":"retFn","line":123,"loc":{"start":{"line":123,"column":6},"end":{"line":123,"column":34}}},"14":{"name":"disconnect","line":163,"loc":{"start":{"line":163,"column":11},"end":{"line":163,"column":33}}},"15":{"name":"schema","line":189,"loc":{"start":{"line":189,"column":11},"end":{"line":189,"column":48}}},"16":{"name":"model","line":209,"loc":{"start":{"line":209,"column":11},"end":{"line":209,"column":49}}},"17":{"name":"getModel","line":235,"loc":{"start":{"line":235,"column":11},"end":{"line":235,"column":35}}},"18":{"name":"setOption","line":249,"loc":{"start":{"line":249,"column":11},"end":{"line":249,"column":42}}},"19":{"name":"getOption","line":266,"loc":{"start":{"line":266,"column":11},"end":{"line":266,"column":35}}},"20":{"name":"modelNames","line":281,"loc":{"start":{"line":281,"column":11},"end":{"line":281,"column":33}}},"21":{"name":"get","line":292,"loc":{"start":{"line":292,"column":9},"end":{"line":292,"column":24}}},"22":{"name":"get","line":302,"loc":{"start":{"line":302,"column":9},"end":{"line":302,"column":24}}},"23":{"name":"get","line":312,"loc":{"start":{"line":312,"column":9},"end":{"line":312,"column":24}}},"24":{"name":"get","line":323,"loc":{"start":{"line":323,"column":9},"end":{"line":323,"column":24}}},"25":{"name":"get","line":334,"loc":{"start":{"line":334,"column":9},"end":{"line":334,"column":24}}},"26":{"name":"(anonymous_26)","line":348,"loc":{"start":{"line":348,"column":207},"end":{"line":348,"column":222}}},"27":{"name":"(anonymous_27)","line":349,"loc":{"start":{"line":349,"column":26},"end":{"line":349,"column":38}}},"28":{"name":"(anonymous_28)","line":361,"loc":{"start":{"line":361,"column":172},"end":{"line":361,"column":187}}},"29":{"name":"propertyGetWrapper","line":368,"loc":{"start":{"line":368,"column":0},"end":{"line":368,"column":33}}},"30":{"name":"(anonymous_30)","line":369,"loc":{"start":{"line":369,"column":9},"end":{"line":369,"column":21}}},"31":{"name":"propertySetWrapper","line":376,"loc":{"start":{"line":376,"column":0},"end":{"line":376,"column":33}}},"32":{"name":"(anonymous_32)","line":377,"loc":{"start":{"line":377,"column":9},"end":{"line":377,"column":26}}}},"statementMap":{"1":{"start":{"line":3,"column":0},"end":{"line":5,"column":3}},"2":{"start":{"line":7,"column":0},"end":{"line":7,"column":241}},"3":{"start":{"line":7,"column":101},"end":{"line":7,"column":119}},"4":{"start":{"line":7,"column":141},"end":{"line":7,"column":238}},"5":{"start":{"line":9,"column":0},"end":{"line":9,"column":564}},"6":{"start":{"line":9,"column":33},"end":{"line":9,"column":349}},"7":{"start":{"line":9,"column":76},"end":{"line":9,"column":347}},"8":{"start":{"line":9,"column":117},"end":{"line":9,"column":143}},"9":{"start":{"line":9,"column":144},"end":{"line":9,"column":199}},"10":{"start":{"line":9,"column":200},"end":{"line":9,"column":231}},"11":{"start":{"line":9,"column":232},"end":{"line":9,"column":286}},"12":{"start":{"line":9,"column":259},"end":{"line":9,"column":286}},"13":{"start":{"line":9,"column":287},"end":{"line":9,"column":345}},"14":{"start":{"line":9,"column":350},"end":{"line":9,"column":559}},"15":{"start":{"line":9,"column":407},"end":{"line":9,"column":475}},"16":{"start":{"line":9,"column":423},"end":{"line":9,"column":475}},"17":{"start":{"line":9,"column":476},"end":{"line":9,"column":536}},"18":{"start":{"line":9,"column":493},"end":{"line":9,"column":536}},"19":{"start":{"line":9,"column":537},"end":{"line":9,"column":556}},"20":{"start":{"line":11,"column":0},"end":{"line":11,"column":34}},"21":{"start":{"line":13,"column":0},"end":{"line":13,"column":47}},"22":{"start":{"line":15,"column":0},"end":{"line":15,"column":38}},"23":{"start":{"line":17,"column":0},"end":{"line":17,"column":51}},"24":{"start":{"line":19,"column":0},"end":{"line":19,"column":42}},"25":{"start":{"line":21,"column":0},"end":{"line":21,"column":55}},"26":{"start":{"line":23,"column":0},"end":{"line":23,"column":34}},"27":{"start":{"line":25,"column":0},"end":{"line":25,"column":47}},"28":{"start":{"line":27,"column":0},"end":{"line":27,"column":32}},"29":{"start":{"line":29,"column":0},"end":{"line":29,"column":95}},"30":{"start":{"line":29,"column":39},"end":{"line":29,"column":93}},"31":{"start":{"line":31,"column":0},"end":{"line":31,"column":153}},"32":{"start":{"line":31,"column":50},"end":{"line":31,"column":151}},"33":{"start":{"line":31,"column":92},"end":{"line":31,"column":149}},"34":{"start":{"line":33,"column":0},"end":{"line":33,"column":240}},"35":{"start":{"line":33,"column":50},"end":{"line":33,"column":151}},"36":{"start":{"line":33,"column":63},"end":{"line":33,"column":149}},"37":{"start":{"line":33,"column":152},"end":{"line":33,"column":238}},"38":{"start":{"line":35,"column":0},"end":{"line":35,"column":494}},"39":{"start":{"line":35,"column":43},"end":{"line":35,"column":208}},"40":{"start":{"line":35,"column":106},"end":{"line":35,"column":206}},"41":{"start":{"line":35,"column":209},"end":{"line":35,"column":373}},"42":{"start":{"line":35,"column":374},"end":{"line":35,"column":492}},"43":{"start":{"line":35,"column":390},"end":{"line":35,"column":492}},"44":{"start":{"line":37,"column":0},"end":{"line":37,"column":50}},"45":{"start":{"line":38,"column":0},"end":{"line":38,"column":26}},"46":{"start":{"line":39,"column":0},"end":{"line":39,"column":37}},"47":{"start":{"line":40,"column":0},"end":{"line":40,"column":39}},"48":{"start":{"line":42,"column":0},"end":{"line":42,"column":31}},"49":{"start":{"line":44,"column":0},"end":{"line":44,"column":55}},"50":{"start":{"line":46,"column":0},"end":{"line":340,"column":16}},"51":{"start":{"line":47,"column":2},"end":{"line":47,"column":35}},"52":{"start":{"line":76,"column":2},"end":{"line":88,"column":3}},"53":{"start":{"line":77,"column":4},"end":{"line":77,"column":90}},"54":{"start":{"line":79,"column":4},"end":{"line":79,"column":34}},"55":{"start":{"line":81,"column":4},"end":{"line":81,"column":91}},"56":{"start":{"line":83,"column":4},"end":{"line":83,"column":22}},"57":{"start":{"line":84,"column":4},"end":{"line":84,"column":24}},"58":{"start":{"line":85,"column":4},"end":{"line":85,"column":20}},"59":{"start":{"line":86,"column":4},"end":{"line":86,"column":67}},"60":{"start":{"line":87,"column":4},"end":{"line":87,"column":17}},"61":{"start":{"line":109,"column":2},"end":{"line":337,"column":6}},"62":{"start":{"line":112,"column":6},"end":{"line":115,"column":7}},"63":{"start":{"line":113,"column":8},"end":{"line":113,"column":18}},"64":{"start":{"line":114,"column":8},"end":{"line":114,"column":20}},"65":{"start":{"line":117,"column":6},"end":{"line":119,"column":7}},"66":{"start":{"line":118,"column":8},"end":{"line":118,"column":20}},"67":{"start":{"line":121,"column":6},"end":{"line":121,"column":22}},"68":{"start":{"line":123,"column":6},"end":{"line":125,"column":7}},"69":{"start":{"line":124,"column":8},"end":{"line":124,"column":39}},"70":{"start":{"line":127,"column":6},"end":{"line":152,"column":7}},"71":{"start":{"line":128,"column":8},"end":{"line":128,"column":37}},"72":{"start":{"line":130,"column":8},"end":{"line":133,"column":9}},"73":{"start":{"line":131,"column":10},"end":{"line":131,"column":55}},"74":{"start":{"line":132,"column":10},"end":{"line":132,"column":39}},"75":{"start":{"line":135,"column":8},"end":{"line":135,"column":33}},"76":{"start":{"line":136,"column":13},"end":{"line":152,"column":7}},"77":{"start":{"line":137,"column":8},"end":{"line":137,"column":94}},"78":{"start":{"line":139,"column":8},"end":{"line":141,"column":17}},"79":{"start":{"line":142,"column":8},"end":{"line":142,"column":113}},"80":{"start":{"line":143,"column":8},"end":{"line":143,"column":106}},"81":{"start":{"line":145,"column":8},"end":{"line":145,"column":76}},"82":{"start":{"line":146,"column":8},"end":{"line":146,"column":62}},"83":{"start":{"line":148,"column":8},"end":{"line":151,"column":9}},"84":{"start":{"line":149,"column":10},"end":{"line":149,"column":55}},"85":{"start":{"line":150,"column":10},"end":{"line":150,"column":39}},"86":{"start":{"line":154,"column":6},"end":{"line":154,"column":25}},"87":{"start":{"line":164,"column":6},"end":{"line":164,"column":26}},"88":{"start":{"line":165,"column":6},"end":{"line":167,"column":7}},"89":{"start":{"line":166,"column":8},"end":{"line":166,"column":33}},"90":{"start":{"line":169,"column":6},"end":{"line":169,"column":25}},"91":{"start":{"line":170,"column":6},"end":{"line":170,"column":21}},"92":{"start":{"line":172,"column":6},"end":{"line":172,"column":23}},"93":{"start":{"line":173,"column":6},"end":{"line":173,"column":21}},"94":{"start":{"line":190,"column":6},"end":{"line":190,"column":85}},"95":{"start":{"line":191,"column":6},"end":{"line":191,"column":52}},"96":{"start":{"line":210,"column":6},"end":{"line":213,"column":7}},"97":{"start":{"line":211,"column":8},"end":{"line":211,"column":87}},"98":{"start":{"line":212,"column":8},"end":{"line":212,"column":52}},"99":{"start":{"line":215,"column":6},"end":{"line":217,"column":7}},"100":{"start":{"line":216,"column":8},"end":{"line":216,"column":33}},"101":{"start":{"line":219,"column":6},"end":{"line":219,"column":63}},"102":{"start":{"line":220,"column":6},"end":{"line":220,"column":28}},"103":{"start":{"line":221,"column":6},"end":{"line":221,"column":15}},"104":{"start":{"line":236,"column":6},"end":{"line":236,"column":31}},"105":{"start":{"line":250,"column":6},"end":{"line":252,"column":7}},"106":{"start":{"line":251,"column":8},"end":{"line":251,"column":32}},"107":{"start":{"line":254,"column":6},"end":{"line":254,"column":31}},"108":{"start":{"line":255,"column":6},"end":{"line":255,"column":18}},"109":{"start":{"line":267,"column":6},"end":{"line":267,"column":33}},"110":{"start":{"line":282,"column":6},"end":{"line":282,"column":38}},"111":{"start":{"line":293,"column":6},"end":{"line":293,"column":30}},"112":{"start":{"line":303,"column":6},"end":{"line":303,"column":26}},"113":{"start":{"line":313,"column":6},"end":{"line":313,"column":34}},"114":{"start":{"line":324,"column":6},"end":{"line":324,"column":32}},"115":{"start":{"line":335,"column":6},"end":{"line":335,"column":20}},"116":{"start":{"line":339,"column":2},"end":{"line":339,"column":16}},"117":{"start":{"line":347,"column":0},"end":{"line":347,"column":25}},"118":{"start":{"line":348,"column":0},"end":{"line":356,"column":3}},"119":{"start":{"line":349,"column":2},"end":{"line":355,"column":4}},"120":{"start":{"line":350,"column":4},"end":{"line":354,"column":5}},"121":{"start":{"line":351,"column":6},"end":{"line":351,"column":18}},"122":{"start":{"line":353,"column":6},"end":{"line":353,"column":68}},"123":{"start":{"line":361,"column":0},"end":{"line":366,"column":3}},"124":{"start":{"line":362,"column":2},"end":{"line":365,"column":5}},"125":{"start":{"line":368,"column":0},"end":{"line":374,"column":1}},"126":{"start":{"line":369,"column":2},"end":{"line":373,"column":4}},"127":{"start":{"line":370,"column":4},"end":{"line":372,"column":5}},"128":{"start":{"line":371,"column":6},"end":{"line":371,"column":30}},"129":{"start":{"line":376,"column":0},"end":{"line":382,"column":1}},"130":{"start":{"line":377,"column":2},"end":{"line":381,"column":4}},"131":{"start":{"line":378,"column":4},"end":{"line":380,"column":5}},"132":{"start":{"line":379,"column":6},"end":{"line":379,"column":31}}},"branchMap":{"1":{"line":7,"type":"cond-expr","locations":[{"start":{"line":7,"column":84},"end":{"line":7,"column":121}},{"start":{"line":7,"column":124},"end":{"line":7,"column":240}}]},"2":{"line":7,"type":"binary-expr","locations":[{"start":{"line":7,"column":14},"end":{"line":7,"column":42}},{"start":{"line":7,"column":46},"end":{"line":7,"column":81}}]},"3":{"line":7,"type":"cond-expr","locations":[{"start":{"line":7,"column":216},"end":{"line":7,"column":224}},{"start":{"line":7,"column":227},"end":{"line":7,"column":237}}]},"4":{"line":7,"type":"binary-expr","locations":[{"start":{"line":7,"column":148},"end":{"line":7,"column":151}},{"start":{"line":7,"column":155},"end":{"line":7,"column":183}},{"start":{"line":7,"column":187},"end":{"line":7,"column":213}}]},"5":{"line":9,"type":"binary-expr","locations":[{"start":{"line":9,"column":168},"end":{"line":9,"column":189}},{"start":{"line":9,"column":193},"end":{"line":9,"column":198}}]},"6":{"line":9,"type":"if","locations":[{"start":{"line":9,"column":232},"end":{"line":9,"column":232}},{"start":{"line":9,"column":232},"end":{"line":9,"column":232}}]},"7":{"line":9,"type":"if","locations":[{"start":{"line":9,"column":407},"end":{"line":9,"column":407}},{"start":{"line":9,"column":407},"end":{"line":9,"column":407}}]},"8":{"line":9,"type":"if","locations":[{"start":{"line":9,"column":476},"end":{"line":9,"column":476}},{"start":{"line":9,"column":476},"end":{"line":9,"column":476}}]},"9":{"line":29,"type":"cond-expr","locations":[{"start":{"line":29,"column":70},"end":{"line":29,"column":73}},{"start":{"line":29,"column":76},"end":{"line":29,"column":92}}]},"10":{"line":29,"type":"binary-expr","locations":[{"start":{"line":29,"column":46},"end":{"line":29,"column":49}},{"start":{"line":29,"column":53},"end":{"line":29,"column":67}}]},"11":{"line":31,"type":"if","locations":[{"start":{"line":31,"column":50},"end":{"line":31,"column":50}},{"start":{"line":31,"column":50},"end":{"line":31,"column":50}}]},"12":{"line":33,"type":"if","locations":[{"start":{"line":33,"column":50},"end":{"line":33,"column":50}},{"start":{"line":33,"column":50},"end":{"line":33,"column":50}}]},"13":{"line":33,"type":"cond-expr","locations":[{"start":{"line":33,"column":226},"end":{"line":33,"column":230}},{"start":{"line":33,"column":233},"end":{"line":33,"column":237}}]},"14":{"line":33,"type":"binary-expr","locations":[{"start":{"line":33,"column":159},"end":{"line":33,"column":163}},{"start":{"line":33,"column":168},"end":{"line":33,"column":192}},{"start":{"line":33,"column":196},"end":{"line":33,"column":222}}]},"15":{"line":35,"type":"if","locations":[{"start":{"line":35,"column":43},"end":{"line":35,"column":43}},{"start":{"line":35,"column":43},"end":{"line":35,"column":43}}]},"16":{"line":35,"type":"binary-expr","locations":[{"start":{"line":35,"column":47},"end":{"line":35,"column":79}},{"start":{"line":35,"column":83},"end":{"line":35,"column":102}}]},"17":{"line":35,"type":"binary-expr","locations":[{"start":{"line":35,"column":244},"end":{"line":35,"column":254}},{"start":{"line":35,"column":258},"end":{"line":35,"column":278}}]},"18":{"line":35,"type":"if","locations":[{"start":{"line":35,"column":374},"end":{"line":35,"column":374}},{"start":{"line":35,"column":374},"end":{"line":35,"column":374}}]},"19":{"line":35,"type":"cond-expr","locations":[{"start":{"line":35,"column":414},"end":{"line":35,"column":457}},{"start":{"line":35,"column":460},"end":{"line":35,"column":491}}]},"20":{"line":77,"type":"cond-expr","locations":[{"start":{"line":77,"column":72},"end":{"line":77,"column":74}},{"start":{"line":77,"column":77},"end":{"line":77,"column":89}}]},"21":{"line":77,"type":"binary-expr","locations":[{"start":{"line":77,"column":18},"end":{"line":77,"column":39}},{"start":{"line":77,"column":43},"end":{"line":77,"column":69}}]},"22":{"line":86,"type":"binary-expr","locations":[{"start":{"line":86,"column":30},"end":{"line":86,"column":37}},{"start":{"line":86,"column":41},"end":{"line":86,"column":43}}]},"23":{"line":112,"type":"if","locations":[{"start":{"line":112,"column":6},"end":{"line":112,"column":6}},{"start":{"line":112,"column":6},"end":{"line":112,"column":6}}]},"24":{"line":117,"type":"if","locations":[{"start":{"line":117,"column":6},"end":{"line":117,"column":6}},{"start":{"line":117,"column":6},"end":{"line":117,"column":6}}]},"25":{"line":124,"type":"binary-expr","locations":[{"start":{"line":124,"column":16},"end":{"line":124,"column":22}},{"start":{"line":124,"column":26},"end":{"line":124,"column":37}}]},"26":{"line":127,"type":"if","locations":[{"start":{"line":127,"column":6},"end":{"line":127,"column":6}},{"start":{"line":127,"column":6},"end":{"line":127,"column":6}}]},"27":{"line":127,"type":"binary-expr","locations":[{"start":{"line":127,"column":10},"end":{"line":127,"column":24}},{"start":{"line":127,"column":28},"end":{"line":127,"column":64}}]},"28":{"line":130,"type":"if","locations":[{"start":{"line":130,"column":8},"end":{"line":130,"column":8}},{"start":{"line":130,"column":8},"end":{"line":130,"column":8}}]},"29":{"line":136,"type":"if","locations":[{"start":{"line":136,"column":13},"end":{"line":136,"column":13}},{"start":{"line":136,"column":13},"end":{"line":136,"column":13}}]},"30":{"line":136,"type":"binary-expr","locations":[{"start":{"line":136,"column":17},"end":{"line":136,"column":31}},{"start":{"line":136,"column":35},"end":{"line":136,"column":69}},{"start":{"line":136,"column":73},"end":{"line":136,"column":97}},{"start":{"line":136,"column":101},"end":{"line":136,"column":145}}]},"31":{"line":139,"type":"cond-expr","locations":[{"start":{"line":139,"column":44},"end":{"line":141,"column":9}},{"start":{"line":141,"column":12},"end":{"line":141,"column":16}}]},"32":{"line":142,"type":"cond-expr","locations":[{"start":{"line":142,"column":70},"end":{"line":142,"column":92}},{"start":{"line":142,"column":95},"end":{"line":142,"column":112}}]},"33":{"line":142,"type":"binary-expr","locations":[{"start":{"line":142,"column":26},"end":{"line":142,"column":30}},{"start":{"line":142,"column":34},"end":{"line":142,"column":67}}]},"34":{"line":143,"type":"cond-expr","locations":[{"start":{"line":143,"column":38},"end":{"line":143,"column":79}},{"start":{"line":143,"column":82},"end":{"line":143,"column":105}}]},"35":{"line":148,"type":"if","locations":[{"start":{"line":148,"column":8},"end":{"line":148,"column":8}},{"start":{"line":148,"column":8},"end":{"line":148,"column":8}}]},"36":{"line":165,"type":"if","locations":[{"start":{"line":165,"column":6},"end":{"line":165,"column":6}},{"start":{"line":165,"column":6},"end":{"line":165,"column":6}}]},"37":{"line":190,"type":"binary-expr","locations":[{"start":{"line":190,"column":28},"end":{"line":190,"column":35}},{"start":{"line":190,"column":39},"end":{"line":190,"column":41}}]},"38":{"line":210,"type":"if","locations":[{"start":{"line":210,"column":6},"end":{"line":210,"column":6}},{"start":{"line":210,"column":6},"end":{"line":210,"column":6}}]},"39":{"line":211,"type":"binary-expr","locations":[{"start":{"line":211,"column":30},"end":{"line":211,"column":37}},{"start":{"line":211,"column":41},"end":{"line":211,"column":43}}]},"40":{"line":215,"type":"if","locations":[{"start":{"line":215,"column":6},"end":{"line":215,"column":6}},{"start":{"line":215,"column":6},"end":{"line":215,"column":6}}]},"41":{"line":250,"type":"if","locations":[{"start":{"line":250,"column":6},"end":{"line":250,"column":6}},{"start":{"line":250,"column":6},"end":{"line":250,"column":6}}]},"42":{"line":350,"type":"if","locations":[{"start":{"line":350,"column":4},"end":{"line":350,"column":4}},{"start":{"line":350,"column":4},"end":{"line":350,"column":4}}]},"43":{"line":370,"type":"if","locations":[{"start":{"line":370,"column":4},"end":{"line":370,"column":4}},{"start":{"line":370,"column":4},"end":{"line":370,"column":4}}]},"44":{"line":378,"type":"if","locations":[{"start":{"line":378,"column":4},"end":{"line":378,"column":4}},{"start":{"line":378,"column":4},"end":{"line":378,"column":4}}]}}},"/Users/bdjurkovic/dev/nodejs/lounge/dist/schema.js":{"path":"/Users/bdjurkovic/dev/nodejs/lounge/dist/schema.js","s":{"1":1,"2":1,"3":431,"4":0,"5":1,"6":1,"7":1,"8":17,"9":17,"10":17,"11":17,"12":17,"13":17,"14":1,"15":1,"16":1,"17":1,"18":0,"19":1,"20":1,"21":1,"22":432,"23":0,"24":1,"25":1,"26":1,"27":1,"28":1,"29":1,"30":432,"31":432,"32":432,"33":432,"34":432,"35":432,"36":432,"37":432,"38":432,"39":432,"40":431,"41":0,"42":431,"43":0,"44":1,"45":437,"46":437,"47":1573,"48":1573,"49":156,"50":0,"51":156,"52":0,"53":156,"54":1,"55":155,"56":155,"57":155,"58":155,"59":73,"60":155,"61":21,"62":155,"63":102,"64":155,"65":436,"66":276,"67":276,"68":436,"69":436,"70":436,"71":149,"72":151,"73":436,"74":436,"75":436,"76":81,"77":91,"78":10,"79":0,"80":0,"81":10,"82":0,"83":10,"84":0,"85":10,"86":5,"87":0,"88":0,"89":5,"90":0,"91":5,"92":0,"93":5,"94":27,"95":0,"96":27,"97":27,"98":27,"99":0,"100":0,"101":0,"102":0,"103":27,"104":27,"105":2,"106":25,"107":27,"108":46,"109":0,"110":46,"111":46,"112":0,"113":25,"114":12,"115":37,"116":37,"117":37,"118":37,"119":437,"120":437,"121":432,"122":437,"123":5,"124":5,"125":5,"126":432,"127":431,"128":431,"129":431,"130":1540,"131":437,"132":12,"133":12,"134":12,"135":13,"136":7,"137":5,"138":2,"139":4,"140":4,"141":4,"142":4,"143":4,"144":4,"145":2,"146":4,"147":1881,"148":1881,"149":1881,"150":1881,"151":1881,"152":1881,"153":812,"154":660,"155":152,"156":1069,"157":939,"158":939,"159":1069,"160":384,"161":384,"162":384,"163":104,"164":104,"165":104,"166":104,"167":104,"168":97,"169":97,"170":104,"171":1,"172":1},"b":{"1":[1,0],"2":[1,1],"3":[0,0],"4":[0,0,0],"5":[17,17],"6":[17,0],"7":[1,0],"8":[0,1],"9":[0,432],"10":[62,370],"11":[432,370],"12":[0,431],"13":[431,358],"14":[0,431],"15":[431,410],"16":[1573,0],"17":[156,1417],"18":[1573,1573],"19":[0,156],"20":[0,156],"21":[1,155],"22":[156,156,156,156,156],"23":[73,82],"24":[21,134],"25":[102,53],"26":[276,160],"27":[436,281],"28":[149,287],"29":[436,436],"30":[81,355],"31":[436,436],"32":[0,10],"33":[0,10],"34":[0,10],"35":[0,5],"36":[0,5],"37":[0,5],"38":[0,27],"39":[27,0],"40":[27,27],"41":[0,0],"42":[0,0],"43":[2,25],"44":[0,46],"45":[37,0],"46":[37,37],"47":[432,5],"48":[5,432],"49":[437,436],"50":[431,1],"51":[432,431],"52":[1,431],"53":[12,0],"54":[12,12],"55":[7,6],"56":[13,13],"57":[5,2],"58":[4,0],"59":[4,4],"60":[1881,0],"61":[332,1549],"62":[36,1845],"63":[812,1069],"64":[660,152],"65":[939,130],"66":[384,384],"67":[384,21],"68":[104,0],"69":[104,104],"70":[97,7],"71":[104,104]},"f":{"1":431,"2":0,"3":1,"4":1,"5":1,"6":432,"7":1,"8":432,"9":437,"10":436,"11":151,"12":436,"13":91,"14":10,"15":5,"16":27,"17":46,"18":0,"19":25,"20":12,"21":37,"22":437,"23":1540,"24":12,"25":4,"26":2,"27":1881,"28":384,"29":104},"fnMap":{"1":{"name":"(anonymous_1)","line":7,"loc":{"start":{"line":7,"column":84},"end":{"line":7,"column":99}}},"2":{"name":"(anonymous_2)","line":7,"loc":{"start":{"line":7,"column":124},"end":{"line":7,"column":139}}},"3":{"name":"(anonymous_3)","line":9,"loc":{"start":{"line":9,"column":19},"end":{"line":9,"column":31}}},"4":{"name":"defineProperties","line":9,"loc":{"start":{"line":9,"column":33},"end":{"line":9,"column":74}}},"5":{"name":"(anonymous_5)","line":9,"loc":{"start":{"line":9,"column":357},"end":{"line":9,"column":405}}},"6":{"name":"_classCallCheck","line":13,"loc":{"start":{"line":13,"column":0},"end":{"line":13,"column":48}}},"7":{"name":"(anonymous_7)","line":21,"loc":{"start":{"line":21,"column":13},"end":{"line":21,"column":25}}},"8":{"name":"Schema","line":69,"loc":{"start":{"line":69,"column":2},"end":{"line":69,"column":30}}},"9":{"name":"_applyDocumentKey","line":114,"loc":{"start":{"line":114,"column":11},"end":{"line":114,"column":50}}},"10":{"name":"_getRefs","line":167,"loc":{"start":{"line":167,"column":11},"end":{"line":167,"column":41}}},"11":{"name":"(anonymous_11)","line":172,"loc":{"start":{"line":172,"column":21},"end":{"line":172,"column":37}}},"12":{"name":"_getIndexes","line":185,"loc":{"start":{"line":185,"column":11},"end":{"line":185,"column":44}}},"13":{"name":"(anonymous_13)","line":191,"loc":{"start":{"line":191,"column":21},"end":{"line":191,"column":37}}},"14":{"name":"method","line":226,"loc":{"start":{"line":226,"column":11},"end":{"line":226,"column":39}}},"15":{"name":"_static","line":263,"loc":{"start":{"line":263,"column":11},"end":{"line":263,"column":40}}},"16":{"name":"virtual","line":319,"loc":{"start":{"line":319,"column":11},"end":{"line":319,"column":49}}},"17":{"name":"set","line":359,"loc":{"start":{"line":359,"column":11},"end":{"line":359,"column":36}}},"18":{"name":"get","line":379,"loc":{"start":{"line":379,"column":11},"end":{"line":379,"column":29}}},"19":{"name":"pre","line":390,"loc":{"start":{"line":390,"column":11},"end":{"line":390,"column":26}}},"20":{"name":"post","line":401,"loc":{"start":{"line":401,"column":11},"end":{"line":401,"column":27}}},"21":{"name":"_queue","line":415,"loc":{"start":{"line":415,"column":11},"end":{"line":415,"column":39}}},"22":{"name":"add","line":440,"loc":{"start":{"line":440,"column":11},"end":{"line":440,"column":41}}},"23":{"name":"(anonymous_23)","line":456,"loc":{"start":{"line":456,"column":20},"end":{"line":456,"column":49}}},"24":{"name":"_cloneProp","line":474,"loc":{"start":{"line":474,"column":11},"end":{"line":474,"column":49}}},"25":{"name":"extend","line":497,"loc":{"start":{"line":497,"column":11},"end":{"line":497,"column":34}}},"26":{"name":"(anonymous_26)","line":505,"loc":{"start":{"line":505,"column":32},"end":{"line":505,"column":45}}},"27":{"name":"getDocumentKeyValue","line":529,"loc":{"start":{"line":529,"column":11},"end":{"line":529,"column":50}}},"28":{"name":"getRefKey","line":563,"loc":{"start":{"line":563,"column":11},"end":{"line":563,"column":39}}},"29":{"name":"hasRefPath","line":577,"loc":{"start":{"line":577,"column":11},"end":{"line":577,"column":37}}}},"statementMap":{"1":{"start":{"line":3,"column":0},"end":{"line":5,"column":3}},"2":{"start":{"line":7,"column":0},"end":{"line":7,"column":241}},"3":{"start":{"line":7,"column":101},"end":{"line":7,"column":119}},"4":{"start":{"line":7,"column":141},"end":{"line":7,"column":238}},"5":{"start":{"line":9,"column":0},"end":{"line":9,"column":564}},"6":{"start":{"line":9,"column":33},"end":{"line":9,"column":349}},"7":{"start":{"line":9,"column":76},"end":{"line":9,"column":347}},"8":{"start":{"line":9,"column":117},"end":{"line":9,"column":143}},"9":{"start":{"line":9,"column":144},"end":{"line":9,"column":199}},"10":{"start":{"line":9,"column":200},"end":{"line":9,"column":231}},"11":{"start":{"line":9,"column":232},"end":{"line":9,"column":286}},"12":{"start":{"line":9,"column":259},"end":{"line":9,"column":286}},"13":{"start":{"line":9,"column":287},"end":{"line":9,"column":345}},"14":{"start":{"line":9,"column":350},"end":{"line":9,"column":559}},"15":{"start":{"line":9,"column":407},"end":{"line":9,"column":475}},"16":{"start":{"line":9,"column":423},"end":{"line":9,"column":475}},"17":{"start":{"line":9,"column":476},"end":{"line":9,"column":536}},"18":{"start":{"line":9,"column":493},"end":{"line":9,"column":536}},"19":{"start":{"line":9,"column":537},"end":{"line":9,"column":556}},"20":{"start":{"line":11,"column":0},"end":{"line":11,"column":40}},"21":{"start":{"line":13,"column":0},"end":{"line":13,"column":153}},"22":{"start":{"line":13,"column":50},"end":{"line":13,"column":151}},"23":{"start":{"line":13,"column":92},"end":{"line":13,"column":149}},"24":{"start":{"line":15,"column":0},"end":{"line":15,"column":26}},"25":{"start":{"line":16,"column":0},"end":{"line":16,"column":29}},"26":{"start":{"line":18,"column":0},"end":{"line":18,"column":31}},"27":{"start":{"line":19,"column":0},"end":{"line":19,"column":44}},"28":{"start":{"line":21,"column":0},"end":{"line":594,"column":4}},"29":{"start":{"line":69,"column":2},"end":{"line":104,"column":3}},"30":{"start":{"line":70,"column":4},"end":{"line":70,"column":90}},"31":{"start":{"line":72,"column":4},"end":{"line":72,"column":34}},"32":{"start":{"line":75,"column":4},"end":{"line":78,"column":16}},"33":{"start":{"line":80,"column":4},"end":{"line":80,"column":22}},"34":{"start":{"line":81,"column":4},"end":{"line":81,"column":22}},"35":{"start":{"line":82,"column":4},"end":{"line":82,"column":24}},"36":{"start":{"line":83,"column":4},"end":{"line":83,"column":19}},"37":{"start":{"line":84,"column":4},"end":{"line":84,"column":22}},"38":{"start":{"line":87,"column":4},"end":{"line":92,"column":6}},"39":{"start":{"line":94,"column":4},"end":{"line":94,"column":25}},"40":{"start":{"line":97,"column":4},"end":{"line":99,"column":5}},"41":{"start":{"line":98,"column":6},"end":{"line":98,"column":47}},"42":{"start":{"line":101,"column":4},"end":{"line":103,"column":5}},"43":{"start":{"line":102,"column":6},"end":{"line":102,"column":47}},"44":{"start":{"line":112,"column":2},"end":{"line":591,"column":6}},"45":{"start":{"line":116,"column":6},"end":{"line":116,"column":30}},"46":{"start":{"line":117,"column":6},"end":{"line":151,"column":7}},"47":{"start":{"line":118,"column":8},"end":{"line":150,"column":9}},"48":{"start":{"line":119,"column":10},"end":{"line":149,"column":11}},"49":{"start":{"line":120,"column":12},"end":{"line":122,"column":13}},"50":{"start":{"line":121,"column":14},"end":{"line":121,"column":70}},"51":{"start":{"line":124,"column":12},"end":{"line":126,"column":13}},"52":{"start":{"line":125,"column":14},"end":{"line":125,"column":77}},"53":{"start":{"line":128,"column":12},"end":{"line":130,"column":13}},"54":{"start":{"line":129,"column":14},"end":{"line":129,"column":83}},"55":{"start":{"line":132,"column":12},"end":{"line":132,"column":31}},"56":{"start":{"line":133,"column":12},"end":{"line":133,"column":38}},"57":{"start":{"line":135,"column":12},"end":{"line":135,"column":38}},"58":{"start":{"line":136,"column":12},"end":{"line":138,"column":13}},"59":{"start":{"line":137,"column":14},"end":{"line":137,"column":56}},"60":{"start":{"line":140,"column":12},"end":{"line":142,"column":13}},"61":{"start":{"line":141,"column":14},"end":{"line":141,"column":56}},"62":{"start":{"line":144,"column":12},"end":{"line":146,"column":13}},"63":{"start":{"line":145,"column":14},"end":{"line":145,"column":60}},"64":{"start":{"line":148,"column":12},"end":{"line":148,"column":130}},"65":{"start":{"line":153,"column":6},"end":{"line":157,"column":7}},"66":{"start":{"line":155,"column":8},"end":{"line":155,"column":34}},"67":{"start":{"line":156,"column":8},"end":{"line":156,"column":116}},"68":{"start":{"line":168,"column":6},"end":{"line":168,"column":23}},"69":{"start":{"line":170,"column":6},"end":{"line":170,"column":49}},"70":{"start":{"line":171,"column":6},"end":{"line":175,"column":7}},"71":{"start":{"line":172,"column":8},"end":{"line":174,"column":11}},"72":{"start":{"line":173,"column":10},"end":{"line":173,"column":39}},"73":{"start":{"line":186,"column":6},"end":{"line":186,"column":24}},"74":{"start":{"line":188,"column":6},"end":{"line":188,"column":52}},"75":{"start":{"line":190,"column":6},"end":{"line":194,"column":7}},"76":{"start":{"line":191,"column":8},"end":{"line":193,"column":11}},"77":{"start":{"line":192,"column":10},"end":{"line":192,"column":43}},"78":{"start":{"line":227,"column":6},"end":{"line":239,"column":7}},"79":{"start":{"line":228,"column":8},"end":{"line":230,"column":9}},"80":{"start":{"line":229,"column":10},"end":{"line":229,"column":40}},"81":{"start":{"line":232,"column":8},"end":{"line":236,"column":9}},"82":{"start":{"line":233,"column":10},"end":{"line":233,"column":94}},"83":{"start":{"line":234,"column":15},"end":{"line":236,"column":9}},"84":{"start":{"line":235,"column":10},"end":{"line":235,"column":78}},"85":{"start":{"line":238,"column":8},"end":{"line":238,"column":34}},"86":{"start":{"line":264,"column":6},"end":{"line":276,"column":7}},"87":{"start":{"line":265,"column":8},"end":{"line":267,"column":9}},"88":{"start":{"line":266,"column":10},"end":{"line":266,"column":40}},"89":{"start":{"line":269,"column":8},"end":{"line":273,"column":9}},"90":{"start":{"line":270,"column":10},"end":{"line":270,"column":95}},"91":{"start":{"line":271,"column":15},"end":{"line":273,"column":9}},"92":{"start":{"line":272,"column":10},"end":{"line":272,"column":79}},"93":{"start":{"line":275,"column":8},"end":{"line":275,"column":34}},"94":{"start":{"line":320,"column":6},"end":{"line":322,"column":7}},"95":{"start":{"line":321,"column":8},"end":{"line":321,"column":93}},"96":{"start":{"line":324,"column":6},"end":{"line":331,"column":7}},"97":{"start":{"line":325,"column":8},"end":{"line":325,"column":23}},"98":{"start":{"line":326,"column":8},"end":{"line":326,"column":21}},"99":{"start":{"line":327,"column":13},"end":{"line":331,"column":7}},"100":{"start":{"line":328,"column":8},"end":{"line":328,"column":76}},"101":{"start":{"line":329,"column":13},"end":{"line":331,"column":7}},"102":{"start":{"line":330,"column":8},"end":{"line":330,"column":84}},"103":{"start":{"line":333,"column":6},"end":{"line":338,"column":8}},"104":{"start":{"line":340,"column":6},"end":{"line":344,"column":7}},"105":{"start":{"line":341,"column":8},"end":{"line":341,"column":38}},"106":{"start":{"line":343,"column":8},"end":{"line":343,"column":36}},"107":{"start":{"line":346,"column":6},"end":{"line":346,"column":42}},"108":{"start":{"line":360,"column":6},"end":{"line":362,"column":7}},"109":{"start":{"line":361,"column":8},"end":{"line":361,"column":33}},"110":{"start":{"line":364,"column":6},"end":{"line":364,"column":32}},"111":{"start":{"line":366,"column":6},"end":{"line":366,"column":18}},"112":{"start":{"line":380,"column":6},"end":{"line":380,"column":31}},"113":{"start":{"line":391,"column":6},"end":{"line":391,"column":43}},"114":{"start":{"line":402,"column":6},"end":{"line":402,"column":44}},"115":{"start":{"line":416,"column":6},"end":{"line":419,"column":8}},"116":{"start":{"line":420,"column":6},"end":{"line":422,"column":7}},"117":{"start":{"line":421,"column":8},"end":{"line":421,"column":27}},"118":{"start":{"line":424,"column":6},"end":{"line":424,"column":29}},"119":{"start":{"line":441,"column":6},"end":{"line":441,"column":24}},"120":{"start":{"line":443,"column":6},"end":{"line":445,"column":7}},"121":{"start":{"line":444,"column":8},"end
[...]
ne":61,"column":11},"end":{"line":82,"column":5}},"31":{"start":{"line":62,"column":6},"end":{"line":67,"column":9}},"32":{"start":{"line":69,"column":6},"end":{"line":74,"column":9}},"33":{"start":{"line":76,"column":6},"end":{"line":81,"column":9}},"34":{"start":{"line":85,"column":2},"end":{"line":85,"column":13}},"35":{"start":{"line":93,"column":0},"end":{"line":120,"column":2}},"36":{"start":{"line":94,"column":2},"end":{"line":96,"column":3}},"37":{"start":{"line":95,"column":4},"end":{"line":95,"column":17}},"38":{"start":{"line":98,"column":2},"end":{"line":100,"column":3}},"39":{"start":{"line":99,"column":4},"end":{"line":99,"column":17}},"40":{"start":{"line":102,"column":2},"end":{"line":104,"column":3}},"41":{"start":{"line":103,"column":4},"end":{"line":103,"column":40}},"42":{"start":{"line":106,"column":2},"end":{"line":108,"column":3}},"43":{"start":{"line":107,"column":4},"end":{"line":107,"column":45}},"44":{"start":{"line":110,"column":2},"end":{"line":113,"column":3}},"45":{"start":{"line":111,"column":4},"end":{"line":111,"column":40}},"46":{"start":{"line":112,"column":4},"end":{"line":112,"column":25}},"47":{"start":{"line":115,"column":2},"end":{"line":117,"column":3}},"48":{"start":{"line":116,"column":4},"end":{"line":116,"column":28}},"49":{"start":{"line":119,"column":2},"end":{"line":119,"column":15}},"50":{"start":{"line":128,"column":0},"end":{"line":177,"column":2}},"51":{"start":{"line":129,"column":2},"end":{"line":129,"column":17}},"52":{"start":{"line":130,"column":2},"end":{"line":130,"column":15}},"53":{"start":{"line":131,"column":2},"end":{"line":174,"column":3}},"54":{"start":{"line":132,"column":4},"end":{"line":173,"column":5}},"55":{"start":{"line":133,"column":6},"end":{"line":133,"column":33}},"56":{"start":{"line":134,"column":6},"end":{"line":134,"column":33}},"57":{"start":{"line":135,"column":6},"end":{"line":135,"column":43}},"58":{"start":{"line":136,"column":6},"end":{"line":136,"column":40}},"59":{"start":{"line":137,"column":6},"end":{"line":137,"column":28}},"60":{"start":{"line":138,"column":6},"end":{"line":140,"column":7}},"61":{"start":{"line":139,"column":8},"end":{"line":139,"column":27}},"62":{"start":{"line":141,"column":6},"end":{"line":143,"column":7}},"63":{"start":{"line":142,"column":8},"end":{"line":142,"column":38}},"64":{"start":{"line":144,"column":6},"end":{"line":165,"column":7}},"65":{"start":{"line":145,"column":8},"end":{"line":145,"column":82}},"66":{"start":{"line":146,"column":13},"end":{"line":165,"column":7}},"67":{"start":{"line":147,"column":8},"end":{"line":159,"column":11}},"68":{"start":{"line":148,"column":10},"end":{"line":158,"column":11}},"69":{"start":{"line":149,"column":12},"end":{"line":151,"column":13}},"70":{"start":{"line":150,"column":14},"end":{"line":150,"column":23}},"71":{"start":{"line":152,"column":12},"end":{"line":154,"column":13}},"72":{"start":{"line":153,"column":14},"end":{"line":153,"column":34}},"73":{"start":{"line":155,"column":12},"end":{"line":157,"column":13}},"74":{"start":{"line":156,"column":14},"end":{"line":156,"column":74}},"75":{"start":{"line":161,"column":8},"end":{"line":161,"column":43}},"76":{"start":{"line":162,"column":8},"end":{"line":162,"column":39}},"77":{"start":{"line":163,"column":13},"end":{"line":165,"column":7}},"78":{"start":{"line":164,"column":8},"end":{"line":164,"column":26}},"79":{"start":{"line":167,"column":6},"end":{"line":172,"column":8}},"80":{"start":{"line":176,"column":2},"end":{"line":176,"column":13}}},"branchMap":{"1":{"line":3,"type":"cond-expr","locations":[{"start":{"line":3,"column":84},"end":{"line":3,"column":121}},{"start":{"line":3,"column":124},"end":{"line":3,"column":240}}]},"2":{"line":3,"type":"binary-expr","locations":[{"start":{"line":3,"column":14},"end":{"line":3,"column":42}},{"start":{"line":3,"column":46},"end":{"line":3,"column":81}}]},"3":{"line":3,"type":"cond-expr","locations":[{"start":{"line":3,"column":216},"end":{"line":3,"column":224}},{"start":{"line":3,"column":227},"end":{"line":3,"column":237}}]},"4":{"line":3,"type":"binary-expr","locations":[{"start":{"line":3,"column":148},"end":{"line":3,"column":151}},{"start":{"line":3,"column":155},"end":{"line":3,"column":183}},{"start":{"line":3,"column":187},"end":{"line":3,"column":213}}]},"5":{"line":22,"type":"if","locations":[{"start":{"line":22,"column":4},"end":{"line":22,"column":4}},{"start":{"line":22,"column":4},"end":{"line":22,"column":4}}]},"6":{"line":22,"type":"binary-expr","locations":[{"start":{"line":22,"column":8},"end":{"line":22,"column":24}},{"start":{"line":22,"column":28},"end":{"line":22,"column":45}}]},"7":{"line":28,"type":"binary-expr","locations":[{"start":{"line":28,"column":20},"end":{"line":28,"column":45}},{"start":{"line":28,"column":49},"end":{"line":28,"column":70}}]},"8":{"line":31,"type":"if","locations":[{"start":{"line":31,"column":4},"end":{"line":31,"column":4}},{"start":{"line":31,"column":4},"end":{"line":31,"column":4}}]},"9":{"line":31,"type":"binary-expr","locations":[{"start":{"line":31,"column":8},"end":{"line":31,"column":30}},{"start":{"line":31,"column":34},"end":{"line":31,"column":61}}]},"10":{"line":35,"type":"if","locations":[{"start":{"line":35,"column":4},"end":{"line":35,"column":4}},{"start":{"line":35,"column":4},"end":{"line":35,"column":4}}]},"11":{"line":39,"type":"if","locations":[{"start":{"line":39,"column":4},"end":{"line":39,"column":4}},{"start":{"line":39,"column":4},"end":{"line":39,"column":4}}]},"12":{"line":39,"type":"binary-expr","locations":[{"start":{"line":39,"column":8},"end":{"line":39,"column":35}},{"start":{"line":39,"column":39},"end":{"line":39,"column":66}}]},"13":{"line":40,"type":"binary-expr","locations":[{"start":{"line":40,"column":21},"end":{"line":40,"column":73}},{"start":{"line":40,"column":77},"end":{"line":40,"column":79}}]},"14":{"line":40,"type":"binary-expr","locations":[{"start":{"line":40,"column":34},"end":{"line":40,"column":46}},{"start":{"line":40,"column":50},"end":{"line":40,"column":52}}]},"15":{"line":40,"type":"binary-expr","locations":[{"start":{"line":40,"column":54},"end":{"line":40,"column":66}},{"start":{"line":40,"column":70},"end":{"line":40,"column":72}}]},"16":{"line":41,"type":"binary-expr","locations":[{"start":{"line":41,"column":18},"end":{"line":41,"column":65}},{"start":{"line":41,"column":69},"end":{"line":41,"column":71}}]},"17":{"line":41,"type":"binary-expr","locations":[{"start":{"line":41,"column":26},"end":{"line":41,"column":38}},{"start":{"line":41,"column":42},"end":{"line":41,"column":44}}]},"18":{"line":41,"type":"binary-expr","locations":[{"start":{"line":41,"column":46},"end":{"line":41,"column":58}},{"start":{"line":41,"column":62},"end":{"line":41,"column":64}}]},"19":{"line":42,"type":"binary-expr","locations":[{"start":{"line":42,"column":18},"end":{"line":42,"column":47}},{"start":{"line":42,"column":51},"end":{"line":42,"column":53}}]},"20":{"line":61,"type":"if","locations":[{"start":{"line":61,"column":11},"end":{"line":61,"column":11}},{"start":{"line":61,"column":11},"end":{"line":61,"column":11}}]},"21":{"line":94,"type":"if","locations":[{"start":{"line":94,"column":2},"end":{"line":94,"column":2}},{"start":{"line":94,"column":2},"end":{"line":94,"column":2}}]},"22":{"line":98,"type":"if","locations":[{"start":{"line":98,"column":2},"end":{"line":98,"column":2}},{"start":{"line":98,"column":2},"end":{"line":98,"column":2}}]},"23":{"line":98,"type":"binary-expr","locations":[{"start":{"line":98,"column":6},"end":{"line":98,"column":45}},{"start":{"line":98,"column":49},"end":{"line":98,"column":74}}]},"24":{"line":102,"type":"if","locations":[{"start":{"line":102,"column":2},"end":{"line":102,"column":2}},{"start":{"line":102,"column":2},"end":{"line":102,"column":2}}]},"25":{"line":106,"type":"if","locations":[{"start":{"line":106,"column":2},"end":{"line":106,"column":2}},{"start":{"line":106,"column":2},"end":{"line":106,"column":2}}]},"26":{"line":106,"type":"binary-expr","locations":[{"start":{"line":106,"column":6},"end":{"line":106,"column":39}},{"start":{"line":106,"column":43},"end":{"line":106,"column":76}}]},"27":{"line":110,"type":"if","locations":[{"start":{"line":110,"column":2},"end":{"line":110,"column":2}},{"start":{"line":110,"column":2},"end":{"line":110,"column":2}}]},"28":{"line":115,"type":"if","locations":[{"start":{"line":115,"column":2},"end":{"line":115,"column":2}},{"start":{"line":115,"column":2},"end":{"line":115,"column":2}}]},"29":{"line":132,"type":"if","locations":[{"start":{"line":132,"column":4},"end":{"line":132,"column":4}},{"start":{"line":132,"column":4},"end":{"line":132,"column":4}}]},"30":{"line":138,"type":"if","locations":[{"start":{"line":138,"column":6},"end":{"line":138,"column":6}},{"start":{"line":138,"column":6},"end":{"line":138,"column":6}}]},"31":{"line":141,"type":"if","locations":[{"start":{"line":141,"column":6},"end":{"line":141,"column":6}},{"start":{"line":141,"column":6},"end":{"line":141,"column":6}}]},"32":{"line":144,"type":"if","locations":[{"start":{"line":144,"column":6},"end":{"line":144,"column":6}},{"start":{"line":144,"column":6},"end":{"line":144,"column":6}}]},"33":{"line":144,"type":"binary-expr","locations":[{"start":{"line":144,"column":10},"end":{"line":144,"column":84}},{"start":{"line":144,"column":88},"end":{"line":144,"column":106}}]},"34":{"line":144,"type":"cond-expr","locations":[{"start":{"line":144,"column":42},"end":{"line":144,"column":53}},{"start":{"line":144,"column":56},"end":{"line":144,"column":70}}]},"35":{"line":146,"type":"if","locations":[{"start":{"line":146,"column":13},"end":{"line":146,"column":13}},{"start":{"line":146,"column":13},"end":{"line":146,"column":13}}]},"36":{"line":148,"type":"if","locations":[{"start":{"line":148,"column":10},"end":{"line":148,"column":10}},{"start":{"line":148,"column":10},"end":{"line":148,"column":10}}]},"37":{"line":149,"type":"if","locations":[{"start":{"line":149,"column":12},"end":{"line":149,"column":12}},{"start":{"line":149,"column":12},"end":{"line":149,"column":12}}]},"38":{"line":152,"type":"if","locations":[{"start":{"line":152,"column":12},"end":{"line":152,"column":12}},{"start":{"line":152,"column":12},"end":{"line":152,"column":12}}]},"39":{"line":155,"type":"if","locations":[{"start":{"line":155,"column":12},"end":{"line":155,"column":12}},{"start":{"line":155,"column":12},"end":{"line":155,"column":12}}]},"40":{"line":155,"type":"binary-expr","locations":[{"start":{"line":155,"column":16},"end":{"line":155,"column":82}},{"start":{"line":155,"column":86},"end":{"line":155,"column":100}}]},"41":{"line":155,"type":"cond-expr","locations":[{"start":{"line":155,"column":44},"end":{"line":155,"column":55}},{"start":{"line":155,"column":58},"end":{"line":155,"column":68}}]},"42":{"line":163,"type":"if","locations":[{"start":{"line":163,"column":13},"end":{"line":163,"column":13}},{"start":{"line":163,"column":13},"end":{"line":163,"column":13}}]},"43":{"line":163,"type":"binary-expr","locations":[{"start":{"line":163,"column":17},"end":{"line":163,"column":37}},{"start":{"line":163,"column":41},"end":{"line":163,"column":56}}]}}},"/Users/bdjurkovic/dev/nodejs/lounge/dist/schema.utils.js":{"path":"/Users/bdjurkovic/dev/nodejs/lounge/dist/schema.utils.js","s":{"1":1,"2":1,"3":1,"4":1,"5":242,"6":242,"7":242,"8":242,"9":242,"10":48,"11":242,"12":242,"13":242,"14":67,"15":242,"16":1,"17":1,"18":436,"19":1,"20":436,"21":436,"22":2904,"23":2904,"24":151,"25":151,"26":436,"27":436,"28":1,"29":436,"30":0,"31":436,"32":436,"33":2904,"34":2904,"35":91,"36":91,"37":91,"38":91,"39":91,"40":65,"41":65,"42":65,"43":11,"44":65,"45":91,"46":91,"47":0,"48":91,"49":436,"50":436},"b":{"1":[242,0],"2":[48,194],"3":[67,175],"4":[242,242],"5":[1,435],"6":[151,2753],"7":[2904,2842,151,2755,2],"8":[151,149],"9":[0,436],"10":[91,2813],"11":[2904,2842,91,4],"12":[91,4],"13":[91,0],"14":[91,19,19,19,0,0,0,0],"15":[65,26],"16":[11,54],"17":[31,60],"18":[0,91],"19":[91,31]},"f":{"1":242,"2":436,"3":2904,"4":436,"5":2904},"fnMap":{"1":{"name":"getPathFromContext","line":11,"loc":{"start":{"line":11,"column":0},"end":{"line":11,"column":33}}},"2":{"name":"(anonymous_2)","line":40,"loc":{"start":{"line":40,"column":18},"end":{"line":40,"column":40}}},"3":{"name":"(anonymous_3)","line":46,"loc":{"start":{"line":46,"column":31},"end":{"line":46,"column":46}}},"4":{"name":"(anonymous_4)","line":68,"loc":{"start":{"line":68,"column":21},"end":{"line":68,"column":43}}},"5":{"name":"(anonymous_5)","line":75,"loc":{"start":{"line":75,"column":31},"end":{"line":75,"column":46}}}},"statementMap":{"1":{"start":{"line":3,"column":0},"end":{"line":3,"column":26}},"2":{"start":{"line":4,"column":0},"end":{"line":4,"column":39}},"3":{"start":{"line":5,"column":0},"end":{"line":5,"column":35}},"4":{"start":{"line":11,"column":0},"end":{"line":31,"column":1}},"5":{"start":{"line":12,"column":2},"end":{"line":12,"column":32}},"6":{"start":{"line":15,"column":2},"end":{"line":15,"column":50}},"7":{"start":{"line":16,"column":2},"end":{"line":21,"column":3}},"8":{"start":{"line":17,"column":4},"end":{"line":17,"column":40}},"9":{"start":{"line":18,"column":4},"end":{"line":20,"column":5}},"10":{"start":{"line":19,"column":6},"end":{"line":19,"column":62}},"11":{"start":{"line":24,"column":2},"end":{"line":24,"column":33}},"12":{"start":{"line":25,"column":2},"end":{"line":25,"column":59}},"13":{"start":{"line":26,"column":2},"end":{"line":28,"column":3}},"14":{"start":{"line":27,"column":4},"end":{"line":27,"column":52}},"15":{"start":{"line":30,"column":2},"end":{"line":30,"column":14}},"16":{"start":{"line":33,"column":0},"end":{"line":33,"column":19}},"17":{"start":{"line":40,"column":0},"end":{"line":61,"column":2}},"18":{"start":{"line":41,"column":2},"end":{"line":43,"column":3}},"19":{"start":{"line":42,"column":4},"end":{"line":42,"column":37}},"20":{"start":{"line":45,"column":2},"end":{"line":45,"column":16}},"21":{"start":{"line":46,"column":2},"end":{"line":56,"column":5}},"22":{"start":{"line":47,"column":4},"end":{"line":47,"column":19}},"23":{"start":{"line":48,"column":4},"end":{"line":55,"column":5}},"24":{"start":{"line":49,"column":6},"end":{"line":49,"column":41}},"25":{"start":{"line":51,"column":6},"end":{"line":54,"column":9}},"26":{"start":{"line":58,"column":2},"end":{"line":58,"column":25}},"27":{"start":{"line":60,"column":2},"end":{"line":60,"column":14}},"28":{"start":{"line":68,"column":0},"end":{"line":104,"column":2}},"29":{"start":{"line":69,"column":2},"end":{"line":71,"column":3}},"30":{"start":{"line":70,"column":4},"end":{"line":70,"column":37}},"31":{"start":{"line":73,"column":2},"end":{"line":73,"column":16}},"32":{"start":{"line":75,"column":2},"end":{"line":100,"column":5}},"33":{"start":{"line":76,"column":4},"end":{"line":76,"column":19}},"34":{"start":{"line":77,"column":4},"end":{"line":99,"column":5}},"35":{"start":{"line":78,"column":6},"end":{"line":78,"column":35}},"36":{"start":{"line":79,"column":6},"end":{"line":98,"column":7}},"37":{"start":{"line":80,"column":8},"end":{"line":80,"column":43}},"38":{"start":{"line":82,"column":8},"end":{"line":82,"column":33}},"39":{"start":{"line":83,"column":8},"end":{"line":90,"column":9}},"40":{"start":{"line":84,"column":10},"end":{"line":84,"column":25}},"41":{"start":{"line":85,"column":10},"end":{"line":85,"column":41}},"42":{"start":{"line":86,"column":10},"end":{"line":88,"column":11}},"43":{"start":{"line":87,"column":12},"end":{"line":87,"column":49}},"44":{"start":{"line":89,"column":10},"end":{"line":89,"column":46}},"45":{"start":{"line":92,"column":8},"end":{"line":92,"column":79}},"46":{"start":{"line":93,"column":8},"end":{"line":95,"column":9}},"47":{"start":{"line":94,"column":10},"end":{"line":94,"column":31}},"48":{"start":{"line":97,"column":8},"end":{"line":97,"column":68}},"49":{"start":{"line":102,"column":2},"end":{"line":102,"column":25}},"50":{"start":{"line":103,"column":2},"end":{"line":103,"column":14}}},"branchMap":{"1":{"line":16,"type":"if","locations":[{"start":{"line":16,"column":2},"end":{"line":16,"column":2}},{"start":{"line":16,"column":2},"end":{"line":16,"column":2}}]},"2":{"line":18,"type":"if","locations":[{"start":{"line":18,"column":4},"end":{"line":18,"column":4}},{"start":{"line":18,"column":4},"end":{"line":18,"column":4}}]},"3":{"line":26,"type":"if","locations":[{"start":{"line":26,"column":2},"end":{"line":26,"column":2}},{"start":{"line":26,"column":2},"end":{"line":26,"column":2}}]},"4":{"line":26,"type":"binary-expr","locations":[{"start":{"line":26,"column":6},"end":{"line":26,"column":14}},{"start":{"line":26,"column":18},"end":{"line":26,"column":36}}]},"5":{"line":41,"type":"if","locations":[{"start":{"line":41,"column":2},"end":{"line":41,"column":2}},{"start":{"line":41,"column":2},"end":{"line":41,"column":2}}]},"6":{"line":48,"type":"if","locations":[{"start":{"line":48,"column":4},"end":{"line":48,"column":4}},{"start":{"line":48,"column":4},"end":{"line":48,"column":4}}]},"7":{"line":48,"type":"binary-expr","locations":[{"start":{"line":48,"column":8},"end":{"line":48,"column":11}},{"start":{"line":48,"column":15},"end":{"line":48,"column":28}},{"start":{"line":48,"column":32},"end":{"line":48,"column":68}},{"start":{"line":48,"column":72},"end":{"line":48,"column":90}},{"start":{"line":48,"column":94},"end":{"line":48,"column":107}}]},"8":{"line":48,"type":"binary-expr","locations":[{"start":{"line":48,"column":52},"end":{"line":48,"column":60}},{"start":{"line":48,"column":64},"end":{"line":48,"column":67}}]},"9":{"line":69,"type":"if","locations":[{"start":{"line":69,"column":2},"end":{"line":69,"column":2}},{"start":{"line":69,"column":2},"end":{"line":69,"column":2}}]},"10":{"line":77,"type":"if","locations":[{"start":{"line":77,"column":4},"end":{"line":77,"column":4}},{"start":{"line":77,"column":4},"end":{"line":77,"column":4}}]},"11":{"line":77,"type":"binary-expr","locations":[{"start":{"line":77,"column":8},"end":{"line":77,"column":11}},{"start":{"line":77,"column":15},"end":{"line":77,"column":33}},{"start":{"line":77,"column":38},"end":{"line":77,"column":46}},{"start":{"line":77,"column":50},"end":{"line":77,"column":58}}]},"12":{"line":78,"type":"binary-expr","locations":[{"start":{"line":78,"column":14},"end":{"line":78,"column":22}},{"start":{"line":78,"column":26},"end":{"line":78,"column":34}}]},"13":{"line":79,"type":"if","locations":[{"start":{"line":79,"column":6},"end":{"line":79,"column":6}},{"start":{"line":79,"column":6},"end":{"line":79,"column":6}}]},"14":{"line":79,"type":"binary-expr","locations":[{"start":{"line":79,"column":10},"end":{"line":79,"column":22}},{"start":{"line":79,"column":26},"end":{"line":79,"column":38}},{"start":{"line":79,"column":42},"end":{"line":79,"column":64}},{"start":{"line":79,"column":68},"end":{"line":79,"column":79}},{"start":{"line":79,"column":83},"end":{"line":79,"column":96}},{"start":{"line":79,"column":100},"end":{"line":79,"column":122}},{"start":{"line":79,"column":126},"end":{"line":79,"column":139}},{"start":{"line":79,"column":143},"end":{"line":79,"column":154}}]},"15":{"line":83,"type":"if","locations":[{"start":{"line":83,"column":8},"end":{"line":83,"column":8}},{"start":{"line":83,"column":8},"end":{"line":83,"column":8}}]},"16":{"line":86,"type":"if","locations":[{"start":{"line":86,"column":10},"end":{"line":86,"column":10}},{"start":{"line":86,"column":10},"end":{"line":86,"column":10}}]},"17":{"line":92,"type":"cond-expr","locations":[{"start":{"line":92,"column":40},"end":{"line":92,"column":67}},{"start":{"line":92,"column":70},"end":{"line":92,"column":78}}]},"18":{"line":93,"type":"if","locations":[{"start":{"line":93,"column":8},"end":{"line":93,"column":8}},{"start":{"line":93,"column":8},"end":{"line":93,"column":8}}]},"19":{"line":93,"type":"binary-expr","locations":[{"start":{"line":93,"column":12},"end":{"line":93,"column":34}},{"start":{"line":93,"column":38},"end":{"line":93,"column":59}}]}}}}